1530745542007	geckodriver	INFO	geckodriver 0.19.1
1530745542012	geckodriver	INFO	Listening on 127.0.0.1:44685
1530745543314	mozrunner::runner	INFO	Running command: "/usr/bin/firefox" "-marionette" "-profile" "/tmp/rust_mozprofile.1ByDRpbzV4tJ"
1530745543646	addons.manager	DEBUG	Application has been upgraded
1530745543657	addons.manager	DEBUG	Loaded provider scope for resource://gre/modules/addons/XPIProvider.jsm: ["XPIProvider", "XPIInternal"]
1530745543660	addons.manager	DEBUG	Loaded provider scope for resource://gre/modules/LightweightThemeManager.jsm: ["LightweightThemeManager"]
1530745543679	addons.manager	DEBUG	Loaded provider scope for resource://gre/modules/addons/GMPProvider.jsm
1530745543681	addons.manager	DEBUG	Loaded provider scope for resource://gre/modules/addons/PluginProvider.jsm
1530745543682	addons.manager	DEBUG	Starting provider: XPIProvider
1530745543683	addons.xpi	DEBUG	startup
1530745543684	addons.xpi	INFO	SystemAddonInstallLocation directory is missing
1530745543694	addons.xpi	INFO	Removing all system add-on upgrades.
1530745543695	addons.xpi	DEBUG	checkForChanges
1530745543696	addons.xpi	DEBUG	Loaded add-on state: ${}
1530745543698	addons.xpi	DEBUG	New add-on activity-stream@mozilla.org in app-system-defaults
1530745543699	addons.xpi	DEBUG	New add-on aushelper@mozilla.org in app-system-defaults
1530745543700	addons.xpi	WARN	Can't get modified time of /usr/lib64/firefox/browser/features/aushelper@mozilla.org.xpi
1530745543701	addons.xpi	DEBUG	New add-on firefox@getpocket.com in app-system-defaults
1530745543702	addons.xpi	DEBUG	New add-on followonsearch@mozilla.com in app-system-defaults
1530745543702	addons.xpi	DEBUG	New add-on formautofill@mozilla.org in app-system-defaults
1530745543703	addons.xpi	DEBUG	New add-on onboarding@mozilla.org in app-system-defaults
1530745543704	addons.xpi	DEBUG	New add-on screenshots@mozilla.org in app-system-defaults
1530745543705	addons.xpi	DEBUG	New add-on webcompat-reporter@mozilla.org in app-system-defaults
1530745543706	addons.xpi	DEBUG	New add-on webcompat@mozilla.org in app-system-defaults
1530745543707	addons.xpi	DEBUG	getInstallState changed: true, state: {}
1530745543723	addons.xpi-utils	DEBUG	Opening XPI database /tmp/rust_mozprofile.1ByDRpbzV4tJ/extensions.json
1530745543725	addons.xpi-utils	DEBUG	New add-on activity-stream@mozilla.org installed in app-system-defaults
*** Blocklist::_preloadBlocklistFile: blocklist is disabled
1530745543748	addons.xpi-utils	DEBUG	New add-on aushelper@mozilla.org installed in app-system-defaults
1530745543749	addons.xpi-utils	WARN	addMetadata: Add-on aushelper@mozilla.org is invalid: [Exception... "Component returned failure code: 0x80520006 (NS_ERROR_FILE_TARGET_DOES_NOT_EXIST) [nsIFile.isFile]"  nsresult: "0x80520006 (NS_ERROR_FILE_TARGET_DOES_NOT_EXIST)"  location: "JS frame :: resource://gre/modules/addons/XPIInstall.jsm :: get :: line 240"  data: no] Stack trace: get()@resource://gre/modules/addons/XPIInstall.jsm:240
loadManifestFromFile()@resource://gre/modules/addons/XPIInstall.jsm:967
syncLoadManifestFromFile()@resource://gre/modules/addons/XPIInstall.jsm:981
addMetadata()@resource://gre/modules/addons/XPIDatabase.jsm:2490
processFileChanges()@resource://gre/modules/addons/XPIDatabase.jsm:2833
checkForChanges()@resource://gre/modules/addons/XPIProvider.jsm:2152
startup()@resource://gre/modules/addons/XPIProvider.jsm:1591
callProvider()@resource://gre/modules/AddonManager.jsm:207
_startProvider()@resource://gre/modules/AddonManager.jsm:655
startup()@resource://gre/modules/AddonManager.jsm:819
startup()@resource://gre/modules/AddonManager.jsm:2885
observe()@jar:file:///usr/lib64/firefox/omni.ja!/components/addonManager.js:66
1530745543750	addons.xpi-utils	WARN	Could not uninstall invalid item from locked install location
1530745543751	addons.xpi-utils	DEBUG	New add-on firefox@getpocket.com installed in app-system-defaults
1530745543756	addons.xpi-utils	DEBUG	New add-on followonsearch@mozilla.com installed in app-system-defaults
1530745543760	addons.xpi-utils	DEBUG	New add-on formautofill@mozilla.org installed in app-system-defaults
1530745543766	addons.xpi-utils	DEBUG	New add-on onboarding@mozilla.org installed in app-system-defaults
1530745543770	addons.xpi-utils	DEBUG	New add-on screenshots@mozilla.org installed in app-system-defaults
1530745543777	addons.xpi-utils	DEBUG	New add-on webcompat-reporter@mozilla.org installed in app-system-defaults
1530745543780	addons.xpi-utils	DEBUG	New add-on webcompat@mozilla.org installed in app-system-defaults
1530745543954	addons.manager	DEBUG	Registering startup change 'installed' for activity-stream@mozilla.org
1530745543959	addons.xpi	DEBUG	Loading bootstrap scope from /usr/lib64/firefox/browser/features/activity-stream@mozilla.org.xpi
1530745543961	addons.xpi	DEBUG	Calling bootstrap method install on activity-stream@mozilla.org version 2018.05.30.0900-c6d48b86
1530745543961	addons.xpi-utils	DEBUG	Make addon app-system-defaults:activity-stream@mozilla.org visible
1530745543962	addons.xpi	DEBUG	Updating XPIState for {"id":"activity-stream@mozilla.org","syncGUID":"{957c9946-126a-4374-9a5f-c9fca11ace35}","location":"app-system-defaults","version":"2018.05.30.0900-c6d48b86","type":"extension","updateURL":null,"optionsURL":null,"optionsType":null,"aboutURL":null,"defaultLocale":{"name":"Activity Stream","description":"A rich visual history feed and a reimagined home page make it easier than ever to find exactly what you're looking for in Firefox.","creator":null,"homepageURL":null},"visible":true,"active":false,"userDisabled":false,"appDisabled":false,"installDate":1529923599000,"updateDate":1529923599000,"applyBackgroundUpdates":1,"bootstrap":true,"path":"/usr/lib64/firefox/browser/features/activity-stream@mozilla.org.xpi","skinnable":false,"size":2732339,"sourceURI":null,"releaseNotesURI":null,"softDisabled":false,"foreignInstall":false,"strictCompatibility":false,"locales":[],"targetApplications":[{"id":"{ec8030f7-c20a-464f-9b0e-13a3a9e97384}","minVersion":"61.0","maxVersion":"61.*"}],"targetPlatforms":[],"seen":true,"dependencies":[],"hasEmbeddedWebExtension":false,"userPermissions":null,"icons":{},"iconURL":null,"icon64URL":null,"blocklistState":0,"blocklistURL":null,"startupData":null}
1530745543963	addons.manager	DEBUG	Registering startup change 'installed' for firefox@getpocket.com
1530745543964	addons.xpi	DEBUG	Loading bootstrap scope from /usr/lib64/firefox/browser/features/firefox@getpocket.com.xpi
1530745543968	addons.xpi	DEBUG	Calling bootstrap method install on firefox@getpocket.com version 1.0.5
1530745543968	addons.xpi-utils	DEBUG	Make addon app-system-defaults:firefox@getpocket.com visible
1530745543969	addons.xpi	DEBUG	Updating XPIState for {"id":"firefox@getpocket.com","syncGUID":"{ebcc54d5-5947-454b-85c3-4ca09a3c790c}","location":"app-system-defaults","version":"1.0.5","type":"extension","updateURL":null,"optionsURL":null,"optionsType":null,"aboutURL":null,"defaultLocale":{"name":"Pocket","description":"When you find something you want to view later, put it in Pocket.","creator":null,"homepageURL":null},"visible":true,"active":false,"userDisabled":false,"appDisabled":false,"installDate":1529923599000,"updateDate":1529923599000,"applyBackgroundUpdates":1,"bootstrap":true,"path":"/usr/lib64/firefox/browser/features/firefox@getpocket.com.xpi","skinnable":false,"size":855818,"sourceURI":null,"releaseNotesURI":null,"softDisabled":false,"foreignInstall":false,"strictCompatibility":false,"locales":[],"targetApplications":[{"id":"{ec8030f7-c20a-464f-9b0e-13a3a9e97384}","minVersion":"61.0","maxVersion":"61.*"}],"targetPlatforms":[],"seen":true,"dependencies":[],"hasEmbeddedWebExtension":false,"userPermissions":null,"icons":{},"iconURL":null,"icon64URL":null,"blocklistState":0,"blocklistURL":null,"startupData":null}
1530745543970	addons.manager	DEBUG	Registering startup change 'installed' for followonsearch@mozilla.com
1530745543970	addons.xpi	DEBUG	Loading bootstrap scope from /usr/lib64/firefox/browser/features/followonsearch@mozilla.com.xpi
1530745543972	addons.xpi	DEBUG	Calling bootstrap method install on followonsearch@mozilla.com version 0.9.7
1530745543972	addons.xpi-utils	DEBUG	Make addon app-system-defaults:followonsearch@mozilla.com visible
1530745543972	addons.xpi	DEBUG	Updating XPIState for {"id":"followonsearch@mozilla.com","syncGUID":"{b37211aa-79a6-4c1e-973b-7a1b7de6f37e}","location":"app-system-defaults","version":"0.9.7","type":"extension","updateURL":null,"optionsURL":null,"optionsType":null,"aboutURL":null,"defaultLocale":{"name":"Follow-on Search Telemetry","description":null,"creator":null,"homepageURL":null},"visible":true,"active":false,"userDisabled":false,"appDisabled":false,"installDate":1529923599000,"updateDate":1529923599000,"applyBackgroundUpdates":1,"bootstrap":true,"path":"/usr/lib64/firefox/browser/features/followonsearch@mozilla.com.xpi","skinnable":false,"size":17903,"sourceURI":null,"releaseNotesURI":null,"softDisabled":false,"foreignInstall":false,"strictCompatibility":false,"locales":[],"targetApplications":[{"id":"{ec8030f7-c20a-464f-9b0e-13a3a9e97384}","minVersion":"52.0","maxVersion":"66.*"}],"targetPlatforms":[],"seen":true,"dependencies":[],"hasEmbeddedWebExtension":false,"userPermissions":null,"icons":{},"iconURL":null,"icon64URL":null,"blocklistState":0,"blocklistURL":null,"startupData":null}
1530745543973	addons.manager	DEBUG	Registering startup change 'installed' for formautofill@mozilla.org
1530745543973	addons.xpi	DEBUG	Loading bootstrap scope from /usr/lib64/firefox/browser/features/formautofill@mozilla.org.xpi
1530745543975	addons.xpi	DEBUG	Calling bootstrap method install on formautofill@mozilla.org version 1.0
1530745543975	addons.xpi-utils	DEBUG	Make addon app-system-defaults:formautofill@mozilla.org visible
1530745543976	addons.xpi	DEBUG	Updating XPIState for {"id":"formautofill@mozilla.org","syncGUID":"{29fbc669-07f6-46b6-acde-30caa6597829}","location":"app-system-defaults","version":"1.0","type":"extension","updateURL":null,"optionsURL":null,"optionsType":null,"aboutURL":null,"defaultLocale":{"name":"Form Autofill","description":"Autofill forms with saved profiles","creator":null,"homepageURL":null},"visible":true,"active":false,"userDisabled":false,"appDisabled":false,"installDate":1529923599000,"updateDate":1529923599000,"applyBackgroundUpdates":1,"bootstrap":true,"path":"/usr/lib64/firefox/browser/features/formautofill@mozilla.org.xpi","skinnable":false,"size":465056,"sourceURI":null,"releaseNotesURI":null,"softDisabled":false,"foreignInstall":false,"strictCompatibility":false,"locales":[],"targetApplications":[{"id":"{ec8030f7-c20a-464f-9b0e-13a3a9e97384}","minVersion":"61.0","maxVersion":"61.*"}],"targetPlatforms":[],"seen":true,"dependencies":[],"hasEmbeddedWebExtension":false,"userPermissions":null,"icons":{},"iconURL":null,"icon64URL":null,"blocklistState":0,"blocklistURL":null,"startupData":null}
1530745543976	addons.manager	DEBUG	Registering startup change 'installed' for onboarding@mozilla.org
1530745543977	addons.xpi	DEBUG	Loading bootstrap scope from /usr/lib64/firefox/browser/features/onboarding@mozilla.org.xpi
1530745543978	addons.xpi	DEBUG	Calling bootstrap method install on onboarding@mozilla.org version 1.0
1530745543979	addons.xpi-utils	DEBUG	Make addon app-system-defaults:onboarding@mozilla.org visible
1530745543979	addons.xpi	DEBUG	Updating XPIState for {"id":"onboarding@mozilla.org","syncGUID":"{426556bd-250b-40f7-be17-9586ce903a34}","location":"app-system-defaults","version":"1.0","type":"extension","updateURL":null,"optionsURL":null,"optionsType":null,"aboutURL":null,"defaultLocale":{"name":"Photon onboarding","description":"Photon onboarding","creator":null,"homepageURL":null},"visible":true,"active":false,"userDisabled":false,"appDisabled":false,"installDate":1529923599000,"updateDate":1529923599000,"applyBackgroundUpdates":1,"bootstrap":true,"path":"/usr/lib64/firefox/browser/features/onboarding@mozilla.org.xpi","skinnable":false,"size":564179,"sourceURI":null,"releaseNotesURI":null,"softDisabled":false,"foreignInstall":false,"strictCompatibility":false,"locales":[],"targetApplications":[{"id":"{ec8030f7-c20a-464f-9b0e-13a3a9e97384}","minVersion":"61.0","maxVersion":"61.*"}],"targetPlatforms":[],"seen":true,"dependencies":[],"hasEmbeddedWebExtension":false,"userPermissions":null,"icons":{},"iconURL":null,"icon64URL":null,"blocklistState":0,"blocklistURL":null,"startupData":null}
1530745543980	addons.manager	DEBUG	Registering startup change 'installed' for screenshots@mozilla.org
1530745543980	addons.xpi	DEBUG	Loading bootstrap scope from /usr/lib64/firefox/browser/features/screenshots@mozilla.org.xpi
1530745543982	addons.xpi	DEBUG	Calling bootstrap method install on screenshots@mozilla.org version 32.1.0
1530745543982	addons.xpi-utils	DEBUG	Make addon app-system-defaults:screenshots@mozilla.org visible
1530745543983	addons.xpi	DEBUG	Updating XPIState for {"id":"screenshots@mozilla.org","syncGUID":"{7320cfbf-5275-4129-86d3-f274a791374c}","location":"app-system-defaults","version":"32.1.0","type":"extension","updateURL":null,"optionsURL":null,"optionsType":null,"aboutURL":null,"defaultLocale":{"name":"Firefox Screenshots","description":null,"creator":null,"homepageURL":"https://screenshots.firefox.com/"},"visible":true,"active":false,"userDisabled":false,"appDisabled":false,"installDate":1529923599000,"updateDate":1529923599000,"applyBackgroundUpdates":1,"bootstrap":true,"path":"/usr/lib64/firefox/browser/features/screenshots@mozilla.org.xpi","skinnable":false,"size":1002421,"sourceURI":null,"releaseNotesURI":null,"softDisabled":false,"foreignInstall":false,"strictCompatibility":false,"locales":[],"targetApplications":[{"id":"{ec8030f7-c20a-464f-9b0e-13a3a9e97384}","minVersion":"57.0a1","maxVersion":"*"}],"targetPlatforms":[],"seen":true,"dependencies":[],"hasEmbeddedWebExtension":false,"userPermissions":null,"icons":{},"iconURL":null,"icon64URL":null,"blocklistState":0,"blocklistURL":null,"startupData":null}
1530745543983	addons.manager	DEBUG	Registering startup change 'installed' for webcompat-reporter@mozilla.org
1530745543984	addons.xpi	DEBUG	Loading bootstrap scope from /usr/lib64/firefox/browser/features/webcompat-reporter@mozilla.org.xpi
1530745543985	addons.xpi	DEBUG	Calling bootstrap method install on webcompat-reporter@mozilla.org version 1.0.0
1530745543985	addons.xpi-utils	DEBUG	Make addon app-system-defaults:webcompat-reporter@mozilla.org visible
1530745543986	addons.xpi	DEBUG	Updating XPIState for {"id":"webcompat-reporter@mozilla.org","syncGUID":"{55eac567-a5e6-4896-b87b-8beb064913d4}","location":"app-system-defaults","version":"1.0.0","type":"extension","updateURL":null,"optionsURL":null,"optionsType":null,"aboutURL":null,"defaultLocale":{"name":"WebCompat Reporter","description":"Report site compatibility issues on webcompat.com.","creator":null,"homepageURL":null},"visible":true,"active":false,"userDisabled":false,"appDisabled":false,"installDate":1529923599000,"updateDate":1529923599000,"applyBackgroundUpdates":1,"bootstrap":true,"path":"/usr/lib64/firefox/browser/features/webcompat-reporter@mozilla.org.xpi","skinnable":false,"size":12709,"sourceURI":null,"releaseNotesURI":null,"softDisabled":false,"foreignInstall":false,"strictCompatibility":false,"locales":[],"targetApplications":[{"id":"{ec8030f7-c20a-464f-9b0e-13a3a9e97384}","minVersion":"61.0","maxVersion":"61.*"}],"targetPlatforms":[],"seen":true,"dependencies":[],"hasEmbeddedWebExtension":false,"userPermissions":null,"icons":{},"iconURL":null,"icon64URL":null,"blocklistState":0,"blocklistURL":null,"startupData":null}
1530745543986	addons.manager	DEBUG	Registering startup change 'installed' for webcompat@mozilla.org
1530745543987	addons.xpi	DEBUG	Loading bootstrap scope from /usr/lib64/firefox/browser/features/webcompat@mozilla.org.xpi
1530745543988	addons.xpi	DEBUG	Calling bootstrap method install on webcompat@mozilla.org version 2.0
1530745543989	addons.xpi-utils	DEBUG	Make addon app-system-defaults:webcompat@mozilla.org visible
1530745543989	addons.xpi	DEBUG	Updating XPIState for {"id":"webcompat@mozilla.org","syncGUID":"{fd6b55a8-8146-4d80-923e-9e6378d26c86}","location":"app-system-defaults","version":"2.0","type":"extension","updateURL":null,"optionsURL":null,"optionsType":null,"aboutURL":null,"defaultLocale":{"name":"Web Compat","description":"Urgent post-release fixes for web compatibility.","creator":null,"homepageURL":null},"visible":true,"active":false,"userDisabled":false,"appDisabled":false,"installDate":1529923599000,"updateDate":1529923599000,"applyBackgroundUpdates":1,"bootstrap":true,"path":"/usr/lib64/firefox/browser/features/webcompat@mozilla.org.xpi","skinnable":false,"size":13134,"sourceURI":null,"releaseNotesURI":null,"softDisabled":false,"foreignInstall":false,"strictCompatibility":false,"locales":[],"targetApplications":[{"id":"{ec8030f7-c20a-464f-9b0e-13a3a9e97384}","minVersion":"61.0","maxVersion":"61.*"},{"id":"{aa3c5121-dab2-40e2-81ca-7ea25febc110}","minVersion":"61.0","maxVersion":"61.*"}],"targetPlatforms":[],"seen":true,"dependencies":[],"hasEmbeddedWebExtension":true,"userPermissions":null,"icons":{},"iconURL":null,"icon64URL":null,"blocklistState":0,"blocklistURL":null,"startupData":null}
1530745543991	addons.xpi	DEBUG	Updating XPIState for {"id":"activity-stream@mozilla.org","syncGUID":"{957c9946-126a-4374-9a5f-c9fca11ace35}","location":"app-system-defaults","version":"2018.05.30.0900-c6d48b86","type":"extension","updateURL":null,"optionsURL":null,"optionsType":null,"aboutURL":null,"defaultLocale":{"name":"Activity Stream","description":"A rich visual history feed and a reimagined home page make it easier than ever to find exactly what you're looking for in Firefox.","creator":null,"homepageURL":null},"visible":true,"active":true,"userDisabled":false,"appDisabled":false,"installDate":1529923599000,"updateDate":1529923599000,"applyBackgroundUpdates":1,"bootstrap":true,"path":"/usr/lib64/firefox/browser/features/activity-stream@mozilla.org.xpi","skinnable":false,"size":2732339,"sourceURI":null,"releaseNotesURI":null,"softDisabled":false,"foreignInstall":false,"strictCompatibility":false,"locales":[],"targetApplications":[{"id":"{ec8030f7-c20a-464f-9b0e-13a3a9e97384}","minVersion":"61.0","maxVersion":"61.*"}],"targetPlatforms":[],"seen":true,"dependencies":[],"hasEmbeddedWebExtension":false,"userPermissions":null,"icons":{},"iconURL":null,"icon64URL":null,"blocklistState":0,"blocklistURL":null,"startupData":null}
1530745543992	addons.xpi	DEBUG	Updating XPIState for {"id":"firefox@getpocket.com","syncGUID":"{ebcc54d5-5947-454b-85c3-4ca09a3c790c}","location":"app-system-defaults","version":"1.0.5","type":"extension","updateURL":null,"optionsURL":null,"optionsType":null,"aboutURL":null,"defaultLocale":{"name":"Pocket","description":"When you find something you want to view later, put it in Pocket.","creator":null,"homepageURL":null},"visible":true,"active":true,"userDisabled":false,"appDisabled":false,"installDate":1529923599000,"updateDate":1529923599000,"applyBackgroundUpdates":1,"bootstrap":true,"path":"/usr/lib64/firefox/browser/features/firefox@getpocket.com.xpi","skinnable":false,"size":855818,"sourceURI":null,"releaseNotesURI":null,"softDisabled":false,"foreignInstall":false,"strictCompatibility":false,"locales":[],"targetApplications":[{"id":"{ec8030f7-c20a-464f-9b0e-13a3a9e97384}","minVersion":"61.0","maxVersion":"61.*"}],"targetPlatforms":[],"seen":true,"dependencies":[],"hasEmbeddedWebExtension":false,"userPermissions":null,"icons":{},"iconURL":null,"icon64URL":null,"blocklistState":0,"blocklistURL":null,"startupData":null}
1530745543992	addons.xpi	DEBUG	Updating XPIState for {"id":"followonsearch@mozilla.com","syncGUID":"{b37211aa-79a6-4c1e-973b-7a1b7de6f37e}","location":"app-system-defaults","version":"0.9.7","type":"extension","updateURL":null,"optionsURL":null,"optionsType":null,"aboutURL":null,"defaultLocale":{"name":"Follow-on Search Telemetry","description":null,"creator":null,"homepageURL":null},"visible":true,"active":true,"userDisabled":false,"appDisabled":false,"installDate":1529923599000,"updateDate":1529923599000,"applyBackgroundUpdates":1,"bootstrap":true,"path":"/usr/lib64/firefox/browser/features/followonsearch@mozilla.com.xpi","skinnable":false,"size":17903,"sourceURI":null,"releaseNotesURI":null,"softDisabled":false,"foreignInstall":false,"strictCompatibility":false,"locales":[],"targetApplications":[{"id":"{ec8030f7-c20a-464f-9b0e-13a3a9e97384}","minVersion":"52.0","maxVersion":"66.*"}],"targetPlatforms":[],"seen":true,"dependencies":[],"hasEmbeddedWebExtension":false,"userPermissions":null,"icons":{},"iconURL":null,"icon64URL":null,"blocklistState":0,"blocklistURL":null,"startupData":null}
1530745543992	addons.xpi	DEBUG	Updating XPIState for {"id":"formautofill@mozilla.org","syncGUID":"{29fbc669-07f6-46b6-acde-30caa6597829}","location":"app-system-defaults","version":"1.0","type":"extension","updateURL":null,"optionsURL":null,"optionsType":null,"aboutURL":null,"defaultLocale":{"name":"Form Autofill","description":"Autofill forms with saved profiles","creator":null,"homepageURL":null},"visible":true,"active":true,"userDisabled":false,"appDisabled":false,"installDate":1529923599000,"updateDate":1529923599000,"applyBackgroundUpdates":1,"bootstrap":true,"path":"/usr/lib64/firefox/browser/features/formautofill@mozilla.org.xpi","skinnable":false,"size":465056,"sourceURI":null,"releaseNotesURI":null,"softDisabled":false,"foreignInstall":false,"strictCompatibility":false,"locales":[],"targetApplications":[{"id":"{ec8030f7-c20a-464f-9b0e-13a3a9e97384}","minVersion":"61.0","maxVersion":"61.*"}],"targetPlatforms":[],"seen":true,"dependencies":[],"hasEmbeddedWebExtension":false,"userPermissions":null,"icons":{},"iconURL":null,"icon64URL":null,"blocklistState":0,"blocklistURL":null,"startupData":null}
1530745543993	addons.xpi	DEBUG	Updating XPIState for {"id":"onboarding@mozilla.org","syncGUID":"{426556bd-250b-40f7-be17-9586ce903a34}","location":"app-system-defaults","version":"1.0","type":"extension","updateURL":null,"optionsURL":null,"optionsType":null,"aboutURL":null,"defaultLocale":{"name":"Photon onboarding","description":"Photon onboarding","creator":null,"homepageURL":null},"visible":true,"active":true,"userDisabled":false,"appDisabled":false,"installDate":1529923599000,"updateDate":1529923599000,"applyBackgroundUpdates":1,"bootstrap":true,"path":"/usr/lib64/firefox/browser/features/onboarding@mozilla.org.xpi","skinnable":false,"size":564179,"sourceURI":null,"releaseNotesURI":null,"softDisabled":false,"foreignInstall":false,"strictCompatibility":false,"locales":[],"targetApplications":[{"id":"{ec8030f7-c20a-464f-9b0e-13a3a9e97384}","minVersion":"61.0","maxVersion":"61.*"}],"targetPlatforms":[],"seen":true,"dependencies":[],"hasEmbeddedWebExtension":false,"userPermissions":null,"icons":{},"iconURL":null,"icon64URL":null,"blocklistState":0,"blocklistURL":null,"startupData":null}
1530745543993	addons.xpi	DEBUG	Updating XPIState for {"id":"screenshots@mozilla.org","syncGUID":"{7320cfbf-5275-4129-86d3-f274a791374c}","location":"app-system-defaults","version":"32.1.0","type":"extension","updateURL":null,"optionsURL":null,"optionsType":null,"aboutURL":null,"defaultLocale":{"name":"Firefox Screenshots","description":null,"creator":null,"homepageURL":"https://screenshots.firefox.com/"},"visible":true,"active":true,"userDisabled":false,"appDisabled":false,"installDate":1529923599000,"updateDate":1529923599000,"applyBackgroundUpdates":1,"bootstrap":true,"path":"/usr/lib64/firefox/browser/features/screenshots@mozilla.org.xpi","skinnable":false,"size":1002421,"sourceURI":null,"releaseNotesURI":null,"softDisabled":false,"foreignInstall":false,"strictCompatibility":false,"locales":[],"targetApplications":[{"id":"{ec8030f7-c20a-464f-9b0e-13a3a9e97384}","minVersion":"57.0a1","maxVersion":"*"}],"targetPlatforms":[],"seen":true,"dependencies":[],"hasEmbeddedWebExtension":false,"userPermissions":null,"icons":{},"iconURL":null,"icon64URL":null,"blocklistState":0,"blocklistURL":null,"startupData":null}
1530745543993	addons.xpi	DEBUG	Updating XPIState for {"id":"webcompat-reporter@mozilla.org","syncGUID":"{55eac567-a5e6-4896-b87b-8beb064913d4}","location":"app-system-defaults","version":"1.0.0","type":"extension","updateURL":null,"optionsURL":null,"optionsType":null,"aboutURL":null,"defaultLocale":{"name":"WebCompat Reporter","description":"Report site compatibility issues on webcompat.com.","creator":null,"homepageURL":null},"visible":true,"active":true,"userDisabled":false,"appDisabled":false,"installDate":1529923599000,"updateDate":1529923599000,"applyBackgroundUpdates":1,"bootstrap":true,"path":"/usr/lib64/firefox/browser/features/webcompat-reporter@mozilla.org.xpi","skinnable":false,"size":12709,"sourceURI":null,"releaseNotesURI":null,"softDisabled":false,"foreignInstall":false,"strictCompatibility":false,"locales":[],"targetApplications":[{"id":"{ec8030f7-c20a-464f-9b0e-13a3a9e97384}","minVersion":"61.0","maxVersion":"61.*"}],"targetPlatforms":[],"seen":true,"dependencies":[],"hasEmbeddedWebExtension":false,"userPermissions":null,"icons":{},"iconURL":null,"icon64URL":null,"blocklistState":0,"blocklistURL":null,"startupData":null}
1530745543993	addons.xpi	DEBUG	Updating XPIState for {"id":"webcompat@mozilla.org","syncGUID":"{fd6b55a8-8146-4d80-923e-9e6378d26c86}","location":"app-system-defaults","version":"2.0","type":"extension","updateURL":null,"optionsURL":null,"optionsType":null,"aboutURL":null,"defaultLocale":{"name":"Web Compat","description":"Urgent post-release fixes for web compatibility.","creator":null,"homepageURL":null},"visible":true,"active":true,"userDisabled":false,"appDisabled":false,"installDate":1529923599000,"updateDate":1529923599000,"applyBackgroundUpdates":1,"bootstrap":true,"path":"/usr/lib64/firefox/browser/features/webcompat@mozilla.org.xpi","skinnable":false,"size":13134,"sourceURI":null,"releaseNotesURI":null,"softDisabled":false,"foreignInstall":false,"strictCompatibility":false,"locales":[],"targetApplications":[{"id":"{ec8030f7-c20a-464f-9b0e-13a3a9e97384}","minVersion":"61.0","maxVersion":"61.*"},{"id":"{aa3c5121-dab2-40e2-81ca-7ea25febc110}","minVersion":"61.0","maxVersion":"61.*"}],"targetPlatforms":[],"seen":true,"dependencies":[],"hasEmbeddedWebExtension":true,"userPermissions":null,"icons":{},"iconURL":null,"icon64URL":null,"blocklistState":0,"blocklistURL":null,"startupData":null}
1530745543994	addons.xpi	DEBUG	Updating database with changes to installed add-ons
1530745543994	addons.xpi-utils	DEBUG	Updating add-on states
1530745543997	addons.xpi	DEBUG	Registering manifest for /usr/lib64/firefox/browser/features/activity-stream@mozilla.org.xpi
1530745543998	addons.xpi	DEBUG	Calling bootstrap method startup on activity-stream@mozilla.org version 2018.05.30.0900-c6d48b86
1530745543998	addons.xpi	DEBUG	Registering manifest for /usr/lib64/firefox/browser/features/firefox@getpocket.com.xpi
1530745543999	addons.xpi	DEBUG	Calling bootstrap method startup on firefox@getpocket.com version 1.0.5
1530745544021	addons.xpi	DEBUG	Registering manifest for /usr/lib64/firefox/browser/features/followonsearch@mozilla.com.xpi
1530745544021	addons.xpi	DEBUG	Calling bootstrap method startup on followonsearch@mozilla.com version 0.9.7
1530745544022	addons.xpi	DEBUG	Registering manifest for /usr/lib64/firefox/browser/features/formautofill@mozilla.org.xpi
1530745544023	addons.xpi	DEBUG	Calling bootstrap method startup on formautofill@mozilla.org version 1.0
1530745544024	addons.xpi	DEBUG	Registering manifest for /usr/lib64/firefox/browser/features/onboarding@mozilla.org.xpi
1530745544024	addons.xpi	DEBUG	Calling bootstrap method startup on onboarding@mozilla.org version 1.0
1530745544025	addons.xpi	DEBUG	Registering manifest for /usr/lib64/firefox/browser/features/screenshots@mozilla.org.xpi
1530745544026	addons.xpi	DEBUG	Calling bootstrap method startup on screenshots@mozilla.org version 32.1.0
1530745544026	addons.xpi	DEBUG	Registering manifest for /usr/lib64/firefox/browser/features/webcompat-reporter@mozilla.org.xpi
1530745544027	addons.xpi	DEBUG	Calling bootstrap method startup on webcompat-reporter@mozilla.org version 1.0.0
1530745544027	addons.xpi	DEBUG	Registering manifest for /usr/lib64/firefox/browser/features/webcompat@mozilla.org.xpi
1530745544029	addons.xpi	DEBUG	Calling bootstrap method startup on webcompat@mozilla.org version 2.0
1530745544031	addons.manager	DEBUG	Registering shutdown blocker for XPIProvider
1530745544032	addons.manager	DEBUG	Provider finished startup: XPIProvider
1530745544032	addons.manager	DEBUG	Starting provider: LightweightThemeManager
1530745544032	addons.manager	DEBUG	Registering shutdown blocker for LightweightThemeManager
1530745544033	addons.manager	DEBUG	Provider finished startup: LightweightThemeManager
1530745544033	addons.manager	DEBUG	Starting provider: GMPProvider
1530745544035	addons.manager	DEBUG	Registering shutdown blocker for GMPProvider
1530745544036	addons.manager	DEBUG	Provider finished startup: GMPProvider
1530745544037	addons.manager	DEBUG	Starting provider: PluginProvider
1530745544037	addons.manager	DEBUG	Registering shutdown blocker for PluginProvider
1530745544037	addons.manager	DEBUG	Provider finished startup: PluginProvider
1530745544039	addons.manager	DEBUG	Completed startup sequence
1530745544297	addons.xpi-utils	DEBUG	XPI Database saved, setting schema version preference to 26
1530745545111	addons.xpi	DEBUG	Existing add-on activity-stream@mozilla.org in app-system-defaults
1530745545111	addons.xpi	WARN	Can't get modified time of /usr/lib64/firefox/browser/features/aushelper@mozilla.org.xpi
1530745545112	addons.xpi	DEBUG	Existing add-on aushelper@mozilla.org in app-system-defaults
1530745545112	addons.xpi	DEBUG	Existing add-on firefox@getpocket.com in app-system-defaults
1530745545113	addons.xpi	DEBUG	Existing add-on followonsearch@mozilla.com in app-system-defaults
1530745545114	addons.xpi	DEBUG	Existing add-on formautofill@mozilla.org in app-system-defaults
1530745545114	addons.xpi	DEBUG	Existing add-on onboarding@mozilla.org in app-system-defaults
1530745545115	addons.xpi	DEBUG	Existing add-on screenshots@mozilla.org in app-system-defaults
1530745545115	addons.xpi	DEBUG	Existing add-on webcompat-reporter@mozilla.org in app-system-defaults
1530745545117	addons.xpi	DEBUG	Existing add-on webcompat@mozilla.org in app-system-defaults
1530745545118	addons.xpi	DEBUG	getInstallState changed: false, state: {}
1530745545506	Marionette	INFO	Listening on port 43971
1530745545540	Marionette	WARN	TLS certificate errors will be ignored for this session
Gdk-Message: 23:05:54.622: firefox: Fatal IO error 11 (Resource temporarily unavailable) on X server :99.

1530746137032	geckodriver	INFO	geckodriver 0.19.1
1530746137036	geckodriver	INFO	Listening on 127.0.0.1:44915
1530746138196	mozrunner::runner	INFO	Running command: "/usr/bin/firefox" "-marionette" "-profile" "/tmp/rust_mozprofile.GejV3I0L1Jff"
1530746138376	addons.manager	DEBUG	Application has been upgraded
1530746138385	addons.manager	DEBUG	Loaded provider scope for resource://gre/modules/addons/XPIProvider.jsm: ["XPIProvider", "XPIInternal"]
1530746138388	addons.manager	DEBUG	Loaded provider scope for resource://gre/modules/LightweightThemeManager.jsm: ["LightweightThemeManager"]
1530746138404	addons.manager	DEBUG	Loaded provider scope for resource://gre/modules/addons/GMPProvider.jsm
1530746138406	addons.manager	DEBUG	Loaded provider scope for resource://gre/modules/addons/PluginProvider.jsm
1530746138407	addons.manager	DEBUG	Starting provider: XPIProvider
1530746138407	addons.xpi	DEBUG	startup
1530746138408	addons.xpi	INFO	SystemAddonInstallLocation directory is missing
1530746138417	addons.xpi	INFO	Removing all system add-on upgrades.
1530746138419	addons.xpi	DEBUG	checkForChanges
1530746138419	addons.xpi	DEBUG	Loaded add-on state: ${}
1530746138421	addons.xpi	DEBUG	New add-on activity-stream@mozilla.org in app-system-defaults
1530746138422	addons.xpi	DEBUG	New add-on aushelper@mozilla.org in app-system-defaults
1530746138423	addons.xpi	WARN	Can't get modified time of /usr/lib64/firefox/browser/features/aushelper@mozilla.org.xpi
1530746138424	addons.xpi	DEBUG	New add-on firefox@getpocket.com in app-system-defaults
1530746138425	addons.xpi	DEBUG	New add-on followonsearch@mozilla.com in app-system-defaults
1530746138426	addons.xpi	DEBUG	New add-on formautofill@mozilla.org in app-system-defaults
1530746138427	addons.xpi	DEBUG	New add-on onboarding@mozilla.org in app-system-defaults
1530746138428	addons.xpi	DEBUG	New add-on screenshots@mozilla.org in app-system-defaults
1530746138429	addons.xpi	DEBUG	New add-on webcompat-reporter@mozilla.org in app-system-defaults
1530746138429	addons.xpi	DEBUG	New add-on webcompat@mozilla.org in app-system-defaults
1530746138431	addons.xpi	DEBUG	getInstallState changed: true, state: {}
1530746138437	addons.xpi-utils	DEBUG	Opening XPI database /tmp/rust_mozprofile.GejV3I0L1Jff/extensions.json
1530746138439	addons.xpi-utils	DEBUG	New add-on activity-stream@mozilla.org installed in app-system-defaults
*** Blocklist::_preloadBlocklistFile: blocklist is disabled
1530746138456	addons.xpi-utils	DEBUG	New add-on aushelper@mozilla.org installed in app-system-defaults
1530746138457	addons.xpi-utils	WARN	addMetadata: Add-on aushelper@mozilla.org is invalid: [Exception... "Component returned failure code: 0x80520006 (NS_ERROR_FILE_TARGET_DOES_NOT_EXIST) [nsIFile.isFile]"  nsresult: "0x80520006 (NS_ERROR_FILE_TARGET_DOES_NOT_EXIST)"  location: "JS frame :: resource://gre/modules/addons/XPIInstall.jsm :: get :: line 240"  data: no] Stack trace: get()@resource://gre/modules/addons/XPIInstall.jsm:240
loadManifestFromFile()@resource://gre/modules/addons/XPIInstall.jsm:967
syncLoadManifestFromFile()@resource://gre/modules/addons/XPIInstall.jsm:981
addMetadata()@resource://gre/modules/addons/XPIDatabase.jsm:2490
processFileChanges()@resource://gre/modules/addons/XPIDatabase.jsm:2833
checkForChanges()@resource://gre/modules/addons/XPIProvider.jsm:2152
startup()@resource://gre/modules/addons/XPIProvider.jsm:1591
callProvider()@resource://gre/modules/AddonManager.jsm:207
_startProvider()@resource://gre/modules/AddonManager.jsm:655
startup()@resource://gre/modules/AddonManager.jsm:819
startup()@resource://gre/modules/AddonManager.jsm:2885
observe()@jar:file:///usr/lib64/firefox/omni.ja!/components/addonManager.js:66
1530746138458	addons.xpi-utils	WARN	Could not uninstall invalid item from locked install location
1530746138459	addons.xpi-utils	DEBUG	New add-on firefox@getpocket.com installed in app-system-defaults
1530746138463	addons.xpi-utils	DEBUG	New add-on followonsearch@mozilla.com installed in app-system-defaults
1530746138466	addons.xpi-utils	DEBUG	New add-on formautofill@mozilla.org installed in app-system-defaults
1530746138470	addons.xpi-utils	DEBUG	New add-on onboarding@mozilla.org installed in app-system-defaults
1530746138474	addons.xpi-utils	DEBUG	New add-on screenshots@mozilla.org installed in app-system-defaults
1530746138479	addons.xpi-utils	DEBUG	New add-on webcompat-reporter@mozilla.org installed in app-system-defaults
1530746138483	addons.xpi-utils	DEBUG	New add-on webcompat@mozilla.org installed in app-system-defaults
1530746138642	addons.manager	DEBUG	Registering startup change 'installed' for activity-stream@mozilla.org
1530746138647	addons.xpi	DEBUG	Loading bootstrap scope from /usr/lib64/firefox/browser/features/activity-stream@mozilla.org.xpi
1530746138649	addons.xpi	DEBUG	Calling bootstrap method install on activity-stream@mozilla.org version 2018.05.30.0900-c6d48b86
1530746138650	addons.xpi-utils	DEBUG	Make addon app-system-defaults:activity-stream@mozilla.org visible
1530746138650	addons.xpi	DEBUG	Updating XPIState for {"id":"activity-stream@mozilla.org","syncGUID":"{4de8b373-a463-4788-afe0-40dd7026a13d}","location":"app-system-defaults","version":"2018.05.30.0900-c6d48b86","type":"extension","updateURL":null,"optionsURL":null,"optionsType":null,"aboutURL":null,"defaultLocale":{"name":"Activity Stream","description":"A rich visual history feed and a reimagined home page make it easier than ever to find exactly what you're looking for in Firefox.","creator":null,"homepageURL":null},"visible":true,"active":false,"userDisabled":false,"appDisabled":false,"installDate":1529923599000,"updateDate":1529923599000,"applyBackgroundUpdates":1,"bootstrap":true,"path":"/usr/lib64/firefox/browser/features/activity-stream@mozilla.org.xpi","skinnable":false,"size":2732339,"sourceURI":null,"releaseNotesURI":null,"softDisabled":false,"foreignInstall":false,"strictCompatibility":false,"locales":[],"targetApplications":[{"id":"{ec8030f7-c20a-464f-9b0e-13a3a9e97384}","minVersion":"61.0","maxVersion":"61.*"}],"targetPlatforms":[],"seen":true,"dependencies":[],"hasEmbeddedWebExtension":false,"userPermissions":null,"icons":{},"iconURL":null,"icon64URL":null,"blocklistState":0,"blocklistURL":null,"startupData":null}
1530746138651	addons.manager	DEBUG	Registering startup change 'installed' for firefox@getpocket.com
1530746138657	addons.xpi	DEBUG	Loading bootstrap scope from /usr/lib64/firefox/browser/features/firefox@getpocket.com.xpi
1530746138661	addons.xpi	DEBUG	Calling bootstrap method install on firefox@getpocket.com version 1.0.5
1530746138662	addons.xpi-utils	DEBUG	Make addon app-system-defaults:firefox@getpocket.com visible
1530746138662	addons.xpi	DEBUG	Updating XPIState for {"id":"firefox@getpocket.com","syncGUID":"{c796a8c0-4b83-4b6c-a025-86840c5fe3e0}","location":"app-system-defaults","version":"1.0.5","type":"extension","updateURL":null,"optionsURL":null,"optionsType":null,"aboutURL":null,"defaultLocale":{"name":"Pocket","description":"When you find something you want to view later, put it in Pocket.","creator":null,"homepageURL":null},"visible":true,"active":false,"userDisabled":false,"appDisabled":false,"installDate":1529923599000,"updateDate":1529923599000,"applyBackgroundUpdates":1,"bootstrap":true,"path":"/usr/lib64/firefox/browser/features/firefox@getpocket.com.xpi","skinnable":false,"size":855818,"sourceURI":null,"releaseNotesURI":null,"softDisabled":false,"foreignInstall":false,"strictCompatibility":false,"locales":[],"targetApplications":[{"id":"{ec8030f7-c20a-464f-9b0e-13a3a9e97384}","minVersion":"61.0","maxVersion":"61.*"}],"targetPlatforms":[],"seen":true,"dependencies":[],"hasEmbeddedWebExtension":false,"userPermissions":null,"icons":{},"iconURL":null,"icon64URL":null,"blocklistState":0,"blocklistURL":null,"startupData":null}
1530746138663	addons.manager	DEBUG	Registering startup change 'installed' for followonsearch@mozilla.com
1530746138664	addons.xpi	DEBUG	Loading bootstrap scope from /usr/lib64/firefox/browser/features/followonsearch@mozilla.com.xpi
1530746138666	addons.xpi	DEBUG	Calling bootstrap method install on followonsearch@mozilla.com version 0.9.7
1530746138666	addons.xpi-utils	DEBUG	Make addon app-system-defaults:followonsearch@mozilla.com visible
1530746138667	addons.xpi	DEBUG	Updating XPIState for {"id":"followonsearch@mozilla.com","syncGUID":"{9a0f8905-6453-405b-98eb-05e2db0a02fe}","location":"app-system-defaults","version":"0.9.7","type":"extension","updateURL":null,"optionsURL":null,"optionsType":null,"aboutURL":null,"defaultLocale":{"name":"Follow-on Search Telemetry","description":null,"creator":null,"homepageURL":null},"visible":true,"active":false,"userDisabled":false,"appDisabled":false,"installDate":1529923599000,"updateDate":1529923599000,"applyBackgroundUpdates":1,"bootstrap":true,"path":"/usr/lib64/firefox/browser/features/followonsearch@mozilla.com.xpi","skinnable":false,"size":17903,"sourceURI":null,"releaseNotesURI":null,"softDisabled":false,"foreignInstall":false,"strictCompatibility":false,"locales":[],"targetApplications":[{"id":"{ec8030f7-c20a-464f-9b0e-13a3a9e97384}","minVersion":"52.0","maxVersion":"66.*"}],"targetPlatforms":[],"seen":true,"dependencies":[],"hasEmbeddedWebExtension":false,"userPermissions":null,"icons":{},"iconURL":null,"icon64URL":null,"blocklistState":0,"blocklistURL":null,"startupData":null}
1530746138667	addons.manager	DEBUG	Registering startup change 'installed' for formautofill@mozilla.org
1530746138668	addons.xpi	DEBUG	Loading bootstrap scope from /usr/lib64/firefox/browser/features/formautofill@mozilla.org.xpi
1530746138669	addons.xpi	DEBUG	Calling bootstrap method install on formautofill@mozilla.org version 1.0
1530746138670	addons.xpi-utils	DEBUG	Make addon app-system-defaults:formautofill@mozilla.org visible
1530746138670	addons.xpi	DEBUG	Updating XPIState for {"id":"formautofill@mozilla.org","syncGUID":"{80c5d13f-6ada-460c-bce8-6ad3fd1b728c}","location":"app-system-defaults","version":"1.0","type":"extension","updateURL":null,"optionsURL":null,"optionsType":null,"aboutURL":null,"defaultLocale":{"name":"Form Autofill","description":"Autofill forms with saved profiles","creator":null,"homepageURL":null},"visible":true,"active":false,"userDisabled":false,"appDisabled":false,"installDate":1529923599000,"updateDate":1529923599000,"applyBackgroundUpdates":1,"bootstrap":true,"path":"/usr/lib64/firefox/browser/features/formautofill@mozilla.org.xpi","skinnable":false,"size":465056,"sourceURI":null,"releaseNotesURI":null,"softDisabled":false,"foreignInstall":false,"strictCompatibility":false,"locales":[],"targetApplications":[{"id":"{ec8030f7-c20a-464f-9b0e-13a3a9e97384}","minVersion":"61.0","maxVersion":"61.*"}],"targetPlatforms":[],"seen":true,"dependencies":[],"hasEmbeddedWebExtension":false,"userPermissions":null,"icons":{},"iconURL":null,"icon64URL":null,"blocklistState":0,"blocklistURL":null,"startupData":null}
1530746138671	addons.manager	DEBUG	Registering startup change 'installed' for onboarding@mozilla.org
1530746138671	addons.xpi	DEBUG	Loading bootstrap scope from /usr/lib64/firefox/browser/features/onboarding@mozilla.org.xpi
1530746138673	addons.xpi	DEBUG	Calling bootstrap method install on onboarding@mozilla.org version 1.0
1530746138673	addons.xpi-utils	DEBUG	Make addon app-system-defaults:onboarding@mozilla.org visible
1530746138674	addons.xpi	DEBUG	Updating XPIState for {"id":"onboarding@mozilla.org","syncGUID":"{84a49aab-c582-4d26-9053-10e15e596e4c}","location":"app-system-defaults","version":"1.0","type":"extension","updateURL":null,"optionsURL":null,"optionsType":null,"aboutURL":null,"defaultLocale":{"name":"Photon onboarding","description":"Photon onboarding","creator":null,"homepageURL":null},"visible":true,"active":false,"userDisabled":false,"appDisabled":false,"installDate":1529923599000,"updateDate":1529923599000,"applyBackgroundUpdates":1,"bootstrap":true,"path":"/usr/lib64/firefox/browser/features/onboarding@mozilla.org.xpi","skinnable":false,"size":564179,"sourceURI":null,"releaseNotesURI":null,"softDisabled":false,"foreignInstall":false,"strictCompatibility":false,"locales":[],"targetApplications":[{"id":"{ec8030f7-c20a-464f-9b0e-13a3a9e97384}","minVersion":"61.0","maxVersion":"61.*"}],"targetPlatforms":[],"seen":true,"dependencies":[],"hasEmbeddedWebExtension":false,"userPermissions":null,"icons":{},"iconURL":null,"icon64URL":null,"blocklistState":0,"blocklistURL":null,"startupData":null}
1530746138674	addons.manager	DEBUG	Registering startup change 'installed' for screenshots@mozilla.org
1530746138675	addons.xpi	DEBUG	Loading bootstrap scope from /usr/lib64/firefox/browser/features/screenshots@mozilla.org.xpi
1530746138677	addons.xpi	DEBUG	Calling bootstrap method install on screenshots@mozilla.org version 32.1.0
1530746138677	addons.xpi-utils	DEBUG	Make addon app-system-defaults:screenshots@mozilla.org visible
1530746138678	addons.xpi	DEBUG	Updating XPIState for {"id":"screenshots@mozilla.org","syncGUID":"{c8333e05-8fe9-4e11-8451-8e8eca322f40}","location":"app-system-defaults","version":"32.1.0","type":"extension","updateURL":null,"optionsURL":null,"optionsType":null,"aboutURL":null,"defaultLocale":{"name":"Firefox Screenshots","description":null,"creator":null,"homepageURL":"https://screenshots.firefox.com/"},"visible":true,"active":false,"userDisabled":false,"appDisabled":false,"installDate":1529923599000,"updateDate":1529923599000,"applyBackgroundUpdates":1,"bootstrap":true,"path":"/usr/lib64/firefox/browser/features/screenshots@mozilla.org.xpi","skinnable":false,"size":1002421,"sourceURI":null,"releaseNotesURI":null,"softDisabled":false,"foreignInstall":false,"strictCompatibility":false,"locales":[],"targetApplications":[{"id":"{ec8030f7-c20a-464f-9b0e-13a3a9e97384}","minVersion":"57.0a1","maxVersion":"*"}],"targetPlatforms":[],"seen":true,"dependencies":[],"hasEmbeddedWebExtension":false,"userPermissions":null,"icons":{},"iconURL":null,"icon64URL":null,"blocklistState":0,"blocklistURL":null,"startupData":null}
1530746138678	addons.manager	DEBUG	Registering startup change 'installed' for webcompat-reporter@mozilla.org
1530746138679	addons.xpi	DEBUG	Loading bootstrap scope from /usr/lib64/firefox/browser/features/webcompat-reporter@mozilla.org.xpi
1530746138680	addons.xpi	DEBUG	Calling bootstrap method install on webcompat-reporter@mozilla.org version 1.0.0
1530746138680	addons.xpi-utils	DEBUG	Make addon app-system-defaults:webcompat-reporter@mozilla.org visible
1530746138681	addons.xpi	DEBUG	Updating XPIState for {"id":"webcompat-reporter@mozilla.org","syncGUID":"{502262a4-33f9-487a-b2f8-cd081b6f805c}","location":"app-system-defaults","version":"1.0.0","type":"extension","updateURL":null,"optionsURL":null,"optionsType":null,"aboutURL":null,"defaultLocale":{"name":"WebCompat Reporter","description":"Report site compatibility issues on webcompat.com.","creator":null,"homepageURL":null},"visible":true,"active":false,"userDisabled":false,"appDisabled":false,"installDate":1529923599000,"updateDate":1529923599000,"applyBackgroundUpdates":1,"bootstrap":true,"path":"/usr/lib64/firefox/browser/features/webcompat-reporter@mozilla.org.xpi","skinnable":false,"size":12709,"sourceURI":null,"releaseNotesURI":null,"softDisabled":false,"foreignInstall":false,"strictCompatibility":false,"locales":[],"targetApplications":[{"id":"{ec8030f7-c20a-464f-9b0e-13a3a9e97384}","minVersion":"61.0","maxVersion":"61.*"}],"targetPlatforms":[],"seen":true,"dependencies":[],"hasEmbeddedWebExtension":false,"userPermissions":null,"icons":{},"iconURL":null,"icon64URL":null,"blocklistState":0,"blocklistURL":null,"startupData":null}
1530746138681	addons.manager	DEBUG	Registering startup change 'installed' for webcompat@mozilla.org
1530746138681	addons.xpi	DEBUG	Loading bootstrap scope from /usr/lib64/firefox/browser/features/webcompat@mozilla.org.xpi
1530746138683	addons.xpi	DEBUG	Calling bootstrap method install on webcompat@mozilla.org version 2.0
1530746138683	addons.xpi-utils	DEBUG	Make addon app-system-defaults:webcompat@mozilla.org visible
1530746138684	addons.xpi	DEBUG	Updating XPIState for {"id":"webcompat@mozilla.org","syncGUID":"{edfcb242-1cca-42cf-82bc-4a2fe59825ea}","location":"app-system-defaults","version":"2.0","type":"extension","updateURL":null,"optionsURL":null,"optionsType":null,"aboutURL":null,"defaultLocale":{"name":"Web Compat","description":"Urgent post-release fixes for web compatibility.","creator":null,"homepageURL":null},"visible":true,"active":false,"userDisabled":false,"appDisabled":false,"installDate":1529923599000,"updateDate":1529923599000,"applyBackgroundUpdates":1,"bootstrap":true,"path":"/usr/lib64/firefox/browser/features/webcompat@mozilla.org.xpi","skinnable":false,"size":13134,"sourceURI":null,"releaseNotesURI":null,"softDisabled":false,"foreignInstall":false,"strictCompatibility":false,"locales":[],"targetApplications":[{"id":"{ec8030f7-c20a-464f-9b0e-13a3a9e97384}","minVersion":"61.0","maxVersion":"61.*"},{"id":"{aa3c5121-dab2-40e2-81ca-7ea25febc110}","minVersion":"61.0","maxVersion":"61.*"}],"targetPlatforms":[],"seen":true,"dependencies":[],"hasEmbeddedWebExtension":true,"userPermissions":null,"icons":{},"iconURL":null,"icon64URL":null,"blocklistState":0,"blocklistURL":null,"startupData":null}
1530746138685	addons.xpi	DEBUG	Updating XPIState for {"id":"activity-stream@mozilla.org","syncGUID":"{4de8b373-a463-4788-afe0-40dd7026a13d}","location":"app-system-defaults","version":"2018.05.30.0900-c6d48b86","type":"extension","updateURL":null,"optionsURL":null,"optionsType":null,"aboutURL":null,"defaultLocale":{"name":"Activity Stream","description":"A rich visual history feed and a reimagined home page make it easier than ever to find exactly what you're looking for in Firefox.","creator":null,"homepageURL":null},"visible":true,"active":true,"userDisabled":false,"appDisabled":false,"installDate":1529923599000,"updateDate":1529923599000,"applyBackgroundUpdates":1,"bootstrap":true,"path":"/usr/lib64/firefox/browser/features/activity-stream@mozilla.org.xpi","skinnable":false,"size":2732339,"sourceURI":null,"releaseNotesURI":null,"softDisabled":false,"foreignInstall":false,"strictCompatibility":false,"locales":[],"targetApplications":[{"id":"{ec8030f7-c20a-464f-9b0e-13a3a9e97384}","minVersion":"61.0","maxVersion":"61.*"}],"targetPlatforms":[],"seen":true,"dependencies":[],"hasEmbeddedWebExtension":false,"userPermissions":null,"icons":{},"iconURL":null,"icon64URL":null,"blocklistState":0,"blocklistURL":null,"startupData":null}
1530746138686	addons.xpi	DEBUG	Updating XPIState for {"id":"firefox@getpocket.com","syncGUID":"{c796a8c0-4b83-4b6c-a025-86840c5fe3e0}","location":"app-system-defaults","version":"1.0.5","type":"extension","updateURL":null,"optionsURL":null,"optionsType":null,"aboutURL":null,"defaultLocale":{"name":"Pocket","description":"When you find something you want to view later, put it in Pocket.","creator":null,"homepageURL":null},"visible":true,"active":true,"userDisabled":false,"appDisabled":false,"installDate":1529923599000,"updateDate":1529923599000,"applyBackgroundUpdates":1,"bootstrap":true,"path":"/usr/lib64/firefox/browser/features/firefox@getpocket.com.xpi","skinnable":false,"size":855818,"sourceURI":null,"releaseNotesURI":null,"softDisabled":false,"foreignInstall":false,"strictCompatibility":false,"locales":[],"targetApplications":[{"id":"{ec8030f7-c20a-464f-9b0e-13a3a9e97384}","minVersion":"61.0","maxVersion":"61.*"}],"targetPlatforms":[],"seen":true,"dependencies":[],"hasEmbeddedWebExtension":false,"userPermissions":null,"icons":{},"iconURL":null,"icon64URL":null,"blocklistState":0,"blocklistURL":null,"startupData":null}
1530746138686	addons.xpi	DEBUG	Updating XPIState for {"id":"followonsearch@mozilla.com","syncGUID":"{9a0f8905-6453-405b-98eb-05e2db0a02fe}","location":"app-system-defaults","version":"0.9.7","type":"extension","updateURL":null,"optionsURL":null,"optionsType":null,"aboutURL":null,"defaultLocale":{"name":"Follow-on Search Telemetry","description":null,"creator":null,"homepageURL":null},"visible":true,"active":true,"userDisabled":false,"appDisabled":false,"installDate":1529923599000,"updateDate":1529923599000,"applyBackgroundUpdates":1,"bootstrap":true,"path":"/usr/lib64/firefox/browser/features/followonsearch@mozilla.com.xpi","skinnable":false,"size":17903,"sourceURI":null,"releaseNotesURI":null,"softDisabled":false,"foreignInstall":false,"strictCompatibility":false,"locales":[],"targetApplications":[{"id":"{ec8030f7-c20a-464f-9b0e-13a3a9e97384}","minVersion":"52.0","maxVersion":"66.*"}],"targetPlatforms":[],"seen":true,"dependencies":[],"hasEmbeddedWebExtension":false,"userPermissions":null,"icons":{},"iconURL":null,"icon64URL":null,"blocklistState":0,"blocklistURL":null,"startupData":null}
1530746138687	addons.xpi	DEBUG	Updating XPIState for {"id":"formautofill@mozilla.org","syncGUID":"{80c5d13f-6ada-460c-bce8-6ad3fd1b728c}","location":"app-system-defaults","version":"1.0","type":"extension","updateURL":null,"optionsURL":null,"optionsType":null,"aboutURL":null,"defaultLocale":{"name":"Form Autofill","description":"Autofill forms with saved profiles","creator":null,"homepageURL":null},"visible":true,"active":true,"userDisabled":false,"appDisabled":false,"installDate":1529923599000,"updateDate":1529923599000,"applyBackgroundUpdates":1,"bootstrap":true,"path":"/usr/lib64/firefox/browser/features/formautofill@mozilla.org.xpi","skinnable":false,"size":465056,"sourceURI":null,"releaseNotesURI":null,"softDisabled":false,"foreignInstall":false,"strictCompatibility":false,"locales":[],"targetApplications":[{"id":"{ec8030f7-c20a-464f-9b0e-13a3a9e97384}","minVersion":"61.0","maxVersion":"61.*"}],"targetPlatforms":[],"seen":true,"dependencies":[],"hasEmbeddedWebExtension":false,"userPermissions":null,"icons":{},"iconURL":null,"icon64URL":null,"blocklistState":0,"blocklistURL":null,"startupData":null}
1530746138687	addons.xpi	DEBUG	Updating XPIState for {"id":"onboarding@mozilla.org","syncGUID":"{84a49aab-c582-4d26-9053-10e15e596e4c}","location":"app-system-defaults","version":"1.0","type":"extension","updateURL":null,"optionsURL":null,"optionsType":null,"aboutURL":null,"defaultLocale":{"name":"Photon onboarding","description":"Photon onboarding","creator":null,"homepageURL":null},"visible":true,"active":true,"userDisabled":false,"appDisabled":false,"installDate":1529923599000,"updateDate":1529923599000,"applyBackgroundUpdates":1,"bootstrap":true,"path":"/usr/lib64/firefox/browser/features/onboarding@mozilla.org.xpi","skinnable":false,"size":564179,"sourceURI":null,"releaseNotesURI":null,"softDisabled":false,"foreignInstall":false,"strictCompatibility":false,"locales":[],"targetApplications":[{"id":"{ec8030f7-c20a-464f-9b0e-13a3a9e97384}","minVersion":"61.0","maxVersion":"61.*"}],"targetPlatforms":[],"seen":true,"dependencies":[],"hasEmbeddedWebExtension":false,"userPermissions":null,"icons":{},"iconURL":null,"icon64URL":null,"blocklistState":0,"blocklistURL":null,"startupData":null}
1530746138688	addons.xpi	DEBUG	Updating XPIState for {"id":"screenshots@mozilla.org","syncGUID":"{c8333e05-8fe9-4e11-8451-8e8eca322f40}","location":"app-system-defaults","version":"32.1.0","type":"extension","updateURL":null,"optionsURL":null,"optionsType":null,"aboutURL":null,"defaultLocale":{"name":"Firefox Screenshots","description":null,"creator":null,"homepageURL":"https://screenshots.firefox.com/"},"visible":true,"active":true,"userDisabled":false,"appDisabled":false,"installDate":1529923599000,"updateDate":1529923599000,"applyBackgroundUpdates":1,"bootstrap":true,"path":"/usr/lib64/firefox/browser/features/screenshots@mozilla.org.xpi","skinnable":false,"size":1002421,"sourceURI":null,"releaseNotesURI":null,"softDisabled":false,"foreignInstall":false,"strictCompatibility":false,"locales":[],"targetApplications":[{"id":"{ec8030f7-c20a-464f-9b0e-13a3a9e97384}","minVersion":"57.0a1","maxVersion":"*"}],"targetPlatforms":[],"seen":true,"dependencies":[],"hasEmbeddedWebExtension":false,"userPermissions":null,"icons":{},"iconURL":null,"icon64URL":null,"blocklistState":0,"blocklistURL":null,"startupData":null}
1530746138688	addons.xpi	DEBUG	Updating XPIState for {"id":"webcompat-reporter@mozilla.org","syncGUID":"{502262a4-33f9-487a-b2f8-cd081b6f805c}","location":"app-system-defaults","version":"1.0.0","type":"extension","updateURL":null,"optionsURL":null,"optionsType":null,"aboutURL":null,"defaultLocale":{"name":"WebCompat Reporter","description":"Report site compatibility issues on webcompat.com.","creator":null,"homepageURL":null},"visible":true,"active":true,"userDisabled":false,"appDisabled":false,"installDate":1529923599000,"updateDate":1529923599000,"applyBackgroundUpdates":1,"bootstrap":true,"path":"/usr/lib64/firefox/browser/features/webcompat-reporter@mozilla.org.xpi","skinnable":false,"size":12709,"sourceURI":null,"releaseNotesURI":null,"softDisabled":false,"foreignInstall":false,"strictCompatibility":false,"locales":[],"targetApplications":[{"id":"{ec8030f7-c20a-464f-9b0e-13a3a9e97384}","minVersion":"61.0","maxVersion":"61.*"}],"targetPlatforms":[],"seen":true,"dependencies":[],"hasEmbeddedWebExtension":false,"userPermissions":null,"icons":{},"iconURL":null,"icon64URL":null,"blocklistState":0,"blocklistURL":null,"startupData":null}
1530746138689	addons.xpi	DEBUG	Updating XPIState for {"id":"webcompat@mozilla.org","syncGUID":"{edfcb242-1cca-42cf-82bc-4a2fe59825ea}","location":"app-system-defaults","version":"2.0","type":"extension","updateURL":null,"optionsURL":null,"optionsType":null,"aboutURL":null,"defaultLocale":{"name":"Web Compat","description":"Urgent post-release fixes for web compatibility.","creator":null,"homepageURL":null},"visible":true,"active":true,"userDisabled":false,"appDisabled":false,"installDate":1529923599000,"updateDate":1529923599000,"applyBackgroundUpdates":1,"bootstrap":true,"path":"/usr/lib64/firefox/browser/features/webcompat@mozilla.org.xpi","skinnable":false,"size":13134,"sourceURI":null,"releaseNotesURI":null,"softDisabled":false,"foreignInstall":false,"strictCompatibility":false,"locales":[],"targetApplications":[{"id":"{ec8030f7-c20a-464f-9b0e-13a3a9e97384}","minVersion":"61.0","maxVersion":"61.*"},{"id":"{aa3c5121-dab2-40e2-81ca-7ea25febc110}","minVersion":"61.0","maxVersion":"61.*"}],"targetPlatforms":[],"seen":true,"dependencies":[],"hasEmbeddedWebExtension":true,"userPermissions":null,"icons":{},"iconURL":null,"icon64URL":null,"blocklistState":0,"blocklistURL":null,"startupData":null}
1530746138689	addons.xpi	DEBUG	Updating database with changes to installed add-ons
1530746138690	addons.xpi-utils	DEBUG	Updating add-on states
1530746138693	addons.xpi	DEBUG	Registering manifest for /usr/lib64/firefox/browser/features/activity-stream@mozilla.org.xpi
1530746138694	addons.xpi	DEBUG	Calling bootstrap method startup on activity-stream@mozilla.org version 2018.05.30.0900-c6d48b86
1530746138695	addons.xpi	DEBUG	Registering manifest for /usr/lib64/firefox/browser/features/firefox@getpocket.com.xpi
1530746138695	addons.xpi	DEBUG	Calling bootstrap method startup on firefox@getpocket.com version 1.0.5
1530746138702	addons.xpi	DEBUG	Registering manifest for /usr/lib64/firefox/browser/features/followonsearch@mozilla.com.xpi
1530746138703	addons.xpi	DEBUG	Calling bootstrap method startup on followonsearch@mozilla.com version 0.9.7
1530746138703	addons.xpi	DEBUG	Registering manifest for /usr/lib64/firefox/browser/features/formautofill@mozilla.org.xpi
1530746138704	addons.xpi	DEBUG	Calling bootstrap method startup on formautofill@mozilla.org version 1.0
1530746138706	addons.xpi	DEBUG	Registering manifest for /usr/lib64/firefox/browser/features/onboarding@mozilla.org.xpi
1530746138707	addons.xpi	DEBUG	Calling bootstrap method startup on onboarding@mozilla.org version 1.0
1530746138708	addons.xpi	DEBUG	Registering manifest for /usr/lib64/firefox/browser/features/screenshots@mozilla.org.xpi
1530746138708	addons.xpi	DEBUG	Calling bootstrap method startup on screenshots@mozilla.org version 32.1.0
1530746138709	addons.xpi	DEBUG	Registering manifest for /usr/lib64/firefox/browser/features/webcompat-reporter@mozilla.org.xpi
1530746138710	addons.xpi	DEBUG	Calling bootstrap method startup on webcompat-reporter@mozilla.org version 1.0.0
1530746138710	addons.xpi	DEBUG	Registering manifest for /usr/lib64/firefox/browser/features/webcompat@mozilla.org.xpi
1530746138711	addons.xpi	DEBUG	Calling bootstrap method startup on webcompat@mozilla.org version 2.0
1530746138714	addons.manager	DEBUG	Registering shutdown blocker for XPIProvider
1530746138715	addons.manager	DEBUG	Provider finished startup: XPIProvider
1530746138715	addons.manager	DEBUG	Starting provider: LightweightThemeManager
1530746138716	addons.manager	DEBUG	Registering shutdown blocker for LightweightThemeManager
1530746138716	addons.manager	DEBUG	Provider finished startup: LightweightThemeManager
1530746138717	addons.manager	DEBUG	Starting provider: GMPProvider
1530746138718	addons.manager	DEBUG	Registering shutdown blocker for GMPProvider
1530746138719	addons.manager	DEBUG	Provider finished startup: GMPProvider
1530746138720	addons.manager	DEBUG	Starting provider: PluginProvider
1530746138720	addons.manager	DEBUG	Registering shutdown blocker for PluginProvider
1530746138721	addons.manager	DEBUG	Provider finished startup: PluginProvider
1530746138722	addons.manager	DEBUG	Completed startup sequence
1530746138879	addons.xpi-utils	DEBUG	XPI Database saved, setting schema version preference to 26
1530746139596	addons.xpi	DEBUG	Existing add-on activity-stream@mozilla.org in app-system-defaults
1530746139596	addons.xpi	WARN	Can't get modified time of /usr/lib64/firefox/browser/features/aushelper@mozilla.org.xpi
1530746139597	addons.xpi	DEBUG	Existing add-on aushelper@mozilla.org in app-system-defaults
1530746139598	addons.xpi	DEBUG	Existing add-on firefox@getpocket.com in app-system-defaults
1530746139598	addons.xpi	DEBUG	Existing add-on followonsearch@mozilla.com in app-system-defaults
1530746139599	addons.xpi	DEBUG	Existing add-on formautofill@mozilla.org in app-system-defaults
1530746139600	addons.xpi	DEBUG	Existing add-on onboarding@mozilla.org in app-system-defaults
1530746139600	addons.xpi	DEBUG	Existing add-on screenshots@mozilla.org in app-system-defaults
1530746139601	addons.xpi	DEBUG	Existing add-on webcompat-reporter@mozilla.org in app-system-defaults
1530746139601	addons.xpi	DEBUG	Existing add-on webcompat@mozilla.org in app-system-defaults
1530746139602	addons.xpi	DEBUG	getInstallState changed: false, state: {}
1530746139996	Marionette	INFO	Listening on port 42613
1530746140022	Marionette	WARN	TLS certificate errors will be ignored for this session
JavaScript warning: https://static.clicktripz.com/scripts/js/jquery-1.9.1.min.js?v=5.47, line 1: Using //@ to indicate sourceMappingURL pragmas is deprecated. Use //# instead
Gdk-Message: 23:15:41.408: /usr/lib64/firefox/firefox: Fatal IO error 11 (Resource temporarily unavailable) on X server :99.

Gdk-Message: 23:15:41.408: /usr/lib64/firefox/firefox: Fatal IO error 11 (Resource temporarily unavailable) on X server :99.

1530748108715	geckodriver	INFO	geckodriver 0.19.1
1530748108721	geckodriver	INFO	Listening on 127.0.0.1:44697
1530748109873	mozrunner::runner	INFO	Running command: "/usr/bin/firefox" "-marionette" "-profile" "/tmp/rust_mozprofile.lzVJgwUFipZJ"
1530748110060	addons.manager	DEBUG	Application has been upgraded
1530748110069	addons.manager	DEBUG	Loaded provider scope for resource://gre/modules/addons/XPIProvider.jsm: ["XPIProvider", "XPIInternal"]
1530748110072	addons.manager	DEBUG	Loaded provider scope for resource://gre/modules/LightweightThemeManager.jsm: ["LightweightThemeManager"]
1530748110088	addons.manager	DEBUG	Loaded provider scope for resource://gre/modules/addons/GMPProvider.jsm
1530748110091	addons.manager	DEBUG	Loaded provider scope for resource://gre/modules/addons/PluginProvider.jsm
1530748110092	addons.manager	DEBUG	Starting provider: XPIProvider
1530748110093	addons.xpi	DEBUG	startup
1530748110094	addons.xpi	INFO	SystemAddonInstallLocation directory is missing
1530748110103	addons.xpi	INFO	Removing all system add-on upgrades.
1530748110104	addons.xpi	DEBUG	checkForChanges
1530748110105	addons.xpi	DEBUG	Loaded add-on state: ${}
1530748110107	addons.xpi	DEBUG	New add-on activity-stream@mozilla.org in app-system-defaults
1530748110108	addons.xpi	DEBUG	New add-on aushelper@mozilla.org in app-system-defaults
1530748110109	addons.xpi	WARN	Can't get modified time of /usr/lib64/firefox/browser/features/aushelper@mozilla.org.xpi
1530748110110	addons.xpi	DEBUG	New add-on firefox@getpocket.com in app-system-defaults
1530748110111	addons.xpi	DEBUG	New add-on followonsearch@mozilla.com in app-system-defaults
1530748110112	addons.xpi	DEBUG	New add-on formautofill@mozilla.org in app-system-defaults
1530748110113	addons.xpi	DEBUG	New add-on onboarding@mozilla.org in app-system-defaults
1530748110114	addons.xpi	DEBUG	New add-on screenshots@mozilla.org in app-system-defaults
1530748110115	addons.xpi	DEBUG	New add-on webcompat-reporter@mozilla.org in app-system-defaults
1530748110116	addons.xpi	DEBUG	New add-on webcompat@mozilla.org in app-system-defaults
1530748110120	addons.xpi	DEBUG	getInstallState changed: true, state: {}
1530748110127	addons.xpi-utils	DEBUG	Opening XPI database /tmp/rust_mozprofile.lzVJgwUFipZJ/extensions.json
1530748110128	addons.xpi-utils	DEBUG	New add-on activity-stream@mozilla.org installed in app-system-defaults
*** Blocklist::_preloadBlocklistFile: blocklist is disabled
1530748110145	addons.xpi-utils	DEBUG	New add-on aushelper@mozilla.org installed in app-system-defaults
1530748110146	addons.xpi-utils	WARN	addMetadata: Add-on aushelper@mozilla.org is invalid: [Exception... "Component returned failure code: 0x80520006 (NS_ERROR_FILE_TARGET_DOES_NOT_EXIST) [nsIFile.isFile]"  nsresult: "0x80520006 (NS_ERROR_FILE_TARGET_DOES_NOT_EXIST)"  location: "JS frame :: resource://gre/modules/addons/XPIInstall.jsm :: get :: line 240"  data: no] Stack trace: get()@resource://gre/modules/addons/XPIInstall.jsm:240
loadManifestFromFile()@resource://gre/modules/addons/XPIInstall.jsm:967
syncLoadManifestFromFile()@resource://gre/modules/addons/XPIInstall.jsm:981
addMetadata()@resource://gre/modules/addons/XPIDatabase.jsm:2490
processFileChanges()@resource://gre/modules/addons/XPIDatabase.jsm:2833
checkForChanges()@resource://gre/modules/addons/XPIProvider.jsm:2152
startup()@resource://gre/modules/addons/XPIProvider.jsm:1591
callProvider()@resource://gre/modules/AddonManager.jsm:207
_startProvider()@resource://gre/modules/AddonManager.jsm:655
startup()@resource://gre/modules/AddonManager.jsm:819
startup()@resource://gre/modules/AddonManager.jsm:2885
observe()@jar:file:///usr/lib64/firefox/omni.ja!/components/addonManager.js:66
1530748110148	addons.xpi-utils	WARN	Could not uninstall invalid item from locked install location
1530748110149	addons.xpi-utils	DEBUG	New add-on firefox@getpocket.com installed in app-system-defaults
1530748110153	addons.xpi-utils	DEBUG	New add-on followonsearch@mozilla.com installed in app-system-defaults
1530748110157	addons.xpi-utils	DEBUG	New add-on formautofill@mozilla.org installed in app-system-defaults
1530748110161	addons.xpi-utils	DEBUG	New add-on onboarding@mozilla.org installed in app-system-defaults
1530748110164	addons.xpi-utils	DEBUG	New add-on screenshots@mozilla.org installed in app-system-defaults
1530748110171	addons.xpi-utils	DEBUG	New add-on webcompat-reporter@mozilla.org installed in app-system-defaults
1530748110175	addons.xpi-utils	DEBUG	New add-on webcompat@mozilla.org installed in app-system-defaults
1530748110329	addons.manager	DEBUG	Registering startup change 'installed' for activity-stream@mozilla.org
1530748110334	addons.xpi	DEBUG	Loading bootstrap scope from /usr/lib64/firefox/browser/features/activity-stream@mozilla.org.xpi
1530748110336	addons.xpi	DEBUG	Calling bootstrap method install on activity-stream@mozilla.org version 2018.05.30.0900-c6d48b86
1530748110336	addons.xpi-utils	DEBUG	Make addon app-system-defaults:activity-stream@mozilla.org visible
1530748110337	addons.xpi	DEBUG	Updating XPIState for {"id":"activity-stream@mozilla.org","syncGUID":"{481e8e7b-3541-4eea-b036-a890d0c5324d}","location":"app-system-defaults","version":"2018.05.30.0900-c6d48b86","type":"extension","updateURL":null,"optionsURL":null,"optionsType":null,"aboutURL":null,"defaultLocale":{"name":"Activity Stream","description":"A rich visual history feed and a reimagined home page make it easier than ever to find exactly what you're looking for in Firefox.","creator":null,"homepageURL":null},"visible":true,"active":false,"userDisabled":false,"appDisabled":false,"installDate":1529923599000,"updateDate":1529923599000,"applyBackgroundUpdates":1,"bootstrap":true,"path":"/usr/lib64/firefox/browser/features/activity-stream@mozilla.org.xpi","skinnable":false,"size":2732339,"sourceURI":null,"releaseNotesURI":null,"softDisabled":false,"foreignInstall":false,"strictCompatibility":false,"locales":[],"targetApplications":[{"id":"{ec8030f7-c20a-464f-9b0e-13a3a9e97384}","minVersion":"61.0","maxVersion":"61.*"}],"targetPlatforms":[],"seen":true,"dependencies":[],"hasEmbeddedWebExtension":false,"userPermissions":null,"icons":{},"iconURL":null,"icon64URL":null,"blocklistState":0,"blocklistURL":null,"startupData":null}
1530748110338	addons.manager	DEBUG	Registering startup change 'installed' for firefox@getpocket.com
1530748110339	addons.xpi	DEBUG	Loading bootstrap scope from /usr/lib64/firefox/browser/features/firefox@getpocket.com.xpi
1530748110343	addons.xpi	DEBUG	Calling bootstrap method install on firefox@getpocket.com version 1.0.5
1530748110344	addons.xpi-utils	DEBUG	Make addon app-system-defaults:firefox@getpocket.com visible
1530748110344	addons.xpi	DEBUG	Updating XPIState for {"id":"firefox@getpocket.com","syncGUID":"{0aef4f87-870a-4413-b0fc-e16a822bae8a}","location":"app-system-defaults","version":"1.0.5","type":"extension","updateURL":null,"optionsURL":null,"optionsType":null,"aboutURL":null,"defaultLocale":{"name":"Pocket","description":"When you find something you want to view later, put it in Pocket.","creator":null,"homepageURL":null},"visible":true,"active":false,"userDisabled":false,"appDisabled":false,"installDate":1529923599000,"updateDate":1529923599000,"applyBackgroundUpdates":1,"bootstrap":true,"path":"/usr/lib64/firefox/browser/features/firefox@getpocket.com.xpi","skinnable":false,"size":855818,"sourceURI":null,"releaseNotesURI":null,"softDisabled":false,"foreignInstall":false,"strictCompatibility":false,"locales":[],"targetApplications":[{"id":"{ec8030f7-c20a-464f-9b0e-13a3a9e97384}","minVersion":"61.0","maxVersion":"61.*"}],"targetPlatforms":[],"seen":true,"dependencies":[],"hasEmbeddedWebExtension":false,"userPermissions":null,"icons":{},"iconURL":null,"icon64URL":null,"blocklistState":0,"blocklistURL":null,"startupData":null}
1530748110345	addons.manager	DEBUG	Registering startup change 'installed' for followonsearch@mozilla.com
1530748110346	addons.xpi	DEBUG	Loading bootstrap scope from /usr/lib64/firefox/browser/features/followonsearch@mozilla.com.xpi
1530748110348	addons.xpi	DEBUG	Calling bootstrap method install on followonsearch@mozilla.com version 0.9.7
1530748110348	addons.xpi-utils	DEBUG	Make addon app-system-defaults:followonsearch@mozilla.com visible
1530748110349	addons.xpi	DEBUG	Updating XPIState for {"id":"followonsearch@mozilla.com","syncGUID":"{7942182b-dac1-4f94-8d26-a2bcde31dffa}","location":"app-system-defaults","version":"0.9.7","type":"extension","updateURL":null,"optionsURL":null,"optionsType":null,"aboutURL":null,"defaultLocale":{"name":"Follow-on Search Telemetry","description":null,"creator":null,"homepageURL":null},"visible":true,"active":false,"userDisabled":false,"appDisabled":false,"installDate":1529923599000,"updateDate":1529923599000,"applyBackgroundUpdates":1,"bootstrap":true,"path":"/usr/lib64/firefox/browser/features/followonsearch@mozilla.com.xpi","skinnable":false,"size":17903,"sourceURI":null,"releaseNotesURI":null,"softDisabled":false,"foreignInstall":false,"strictCompatibility":false,"locales":[],"targetApplications":[{"id":"{ec8030f7-c20a-464f-9b0e-13a3a9e97384}","minVersion":"52.0","maxVersion":"66.*"}],"targetPlatforms":[],"seen":true,"dependencies":[],"hasEmbeddedWebExtension":false,"userPermissions":null,"icons":{},"iconURL":null,"icon64URL":null,"blocklistState":0,"blocklistURL":null,"startupData":null}
1530748110350	addons.manager	DEBUG	Registering startup change 'installed' for formautofill@mozilla.org
1530748110350	addons.xpi	DEBUG	Loading bootstrap scope from /usr/lib64/firefox/browser/features/formautofill@mozilla.org.xpi
1530748110352	addons.xpi	DEBUG	Calling bootstrap method install on formautofill@mozilla.org version 1.0
1530748110353	addons.xpi-utils	DEBUG	Make addon app-system-defaults:formautofill@mozilla.org visible
1530748110353	addons.xpi	DEBUG	Updating XPIState for {"id":"formautofill@mozilla.org","syncGUID":"{13d7fef7-9aad-43cf-b069-c2cb5fc6fead}","location":"app-system-defaults","version":"1.0","type":"extension","updateURL":null,"optionsURL":null,"optionsType":null,"aboutURL":null,"defaultLocale":{"name":"Form Autofill","description":"Autofill forms with saved profiles","creator":null,"homepageURL":null},"visible":true,"active":false,"userDisabled":false,"appDisabled":false,"installDate":1529923599000,"updateDate":1529923599000,"applyBackgroundUpdates":1,"bootstrap":true,"path":"/usr/lib64/firefox/browser/features/formautofill@mozilla.org.xpi","skinnable":false,"size":465056,"sourceURI":null,"releaseNotesURI":null,"softDisabled":false,"foreignInstall":false,"strictCompatibility":false,"locales":[],"targetApplications":[{"id":"{ec8030f7-c20a-464f-9b0e-13a3a9e97384}","minVersion":"61.0","maxVersion":"61.*"}],"targetPlatforms":[],"seen":true,"dependencies":[],"hasEmbeddedWebExtension":false,"userPermissions":null,"icons":{},"iconURL":null,"icon64URL":null,"blocklistState":0,"blocklistURL":null,"startupData":null}
1530748110356	addons.manager	DEBUG	Registering startup change 'installed' for onboarding@mozilla.org
1530748110357	addons.xpi	DEBUG	Loading bootstrap scope from /usr/lib64/firefox/browser/features/onboarding@mozilla.org.xpi
1530748110359	addons.xpi	DEBUG	Calling bootstrap method install on onboarding@mozilla.org version 1.0
1530748110360	addons.xpi-utils	DEBUG	Make addon app-system-defaults:onboarding@mozilla.org visible
1530748110360	addons.xpi	DEBUG	Updating XPIState for {"id":"onboarding@mozilla.org","syncGUID":"{5a5f36eb-88b0-4b34-b904-5e327c911112}","location":"app-system-defaults","version":"1.0","type":"extension","updateURL":null,"optionsURL":null,"optionsType":null,"aboutURL":null,"defaultLocale":{"name":"Photon onboarding","description":"Photon onboarding","creator":null,"homepageURL":null},"visible":true,"active":false,"userDisabled":false,"appDisabled":false,"installDate":1529923599000,"updateDate":1529923599000,"applyBackgroundUpdates":1,"bootstrap":true,"path":"/usr/lib64/firefox/browser/features/onboarding@mozilla.org.xpi","skinnable":false,"size":564179,"sourceURI":null,"releaseNotesURI":null,"softDisabled":false,"foreignInstall":false,"strictCompatibility":false,"locales":[],"targetApplications":[{"id":"{ec8030f7-c20a-464f-9b0e-13a3a9e97384}","minVersion":"61.0","maxVersion":"61.*"}],"targetPlatforms":[],"seen":true,"dependencies":[],"hasEmbeddedWebExtension":false,"userPermissions":null,"icons":{},"iconURL":null,"icon64URL":null,"blocklistState":0,"blocklistURL":null,"startupData":null}
1530748110361	addons.manager	DEBUG	Registering startup change 'installed' for screenshots@mozilla.org
1530748110361	addons.xpi	DEBUG	Loading bootstrap scope from /usr/lib64/firefox/browser/features/screenshots@mozilla.org.xpi
1530748110363	addons.xpi	DEBUG	Calling bootstrap method install on screenshots@mozilla.org version 32.1.0
1530748110364	addons.xpi-utils	DEBUG	Make addon app-system-defaults:screenshots@mozilla.org visible
1530748110364	addons.xpi	DEBUG	Updating XPIState for {"id":"screenshots@mozilla.org","syncGUID":"{8d1a7ceb-67e1-44c2-bb2e-180e37763052}","location":"app-system-defaults","version":"32.1.0","type":"extension","updateURL":null,"optionsURL":null,"optionsType":null,"aboutURL":null,"defaultLocale":{"name":"Firefox Screenshots","description":null,"creator":null,"homepageURL":"https://screenshots.firefox.com/"},"visible":true,"active":false,"userDisabled":false,"appDisabled":false,"installDate":1529923599000,"updateDate":1529923599000,"applyBackgroundUpdates":1,"bootstrap":true,"path":"/usr/lib64/firefox/browser/features/screenshots@mozilla.org.xpi","skinnable":false,"size":1002421,"sourceURI":null,"releaseNotesURI":null,"softDisabled":false,"foreignInstall":false,"strictCompatibility":false,"locales":[],"targetApplications":[{"id":"{ec8030f7-c20a-464f-9b0e-13a3a9e97384}","minVersion":"57.0a1","maxVersion":"*"}],"targetPlatforms":[],"seen":true,"dependencies":[],"hasEmbeddedWebExtension":false,"userPermissions":null,"icons":{},"iconURL":null,"icon64URL":null,"blocklistState":0,"blocklistURL":null,"startupData":null}
1530748110365	addons.manager	DEBUG	Registering startup change 'installed' for webcompat-reporter@mozilla.org
1530748110366	addons.xpi	DEBUG	Loading bootstrap scope from /usr/lib64/firefox/browser/features/webcompat-reporter@mozilla.org.xpi
1530748110367	addons.xpi	DEBUG	Calling bootstrap method install on webcompat-reporter@mozilla.org version 1.0.0
1530748110367	addons.xpi-utils	DEBUG	Make addon app-system-defaults:webcompat-reporter@mozilla.org visible
1530748110368	addons.xpi	DEBUG	Updating XPIState for {"id":"webcompat-reporter@mozilla.org","syncGUID":"{e64045bd-930a-46aa-9174-08e34732428c}","location":"app-system-defaults","version":"1.0.0","type":"extension","updateURL":null,"optionsURL":null,"optionsType":null,"aboutURL":null,"defaultLocale":{"name":"WebCompat Reporter","description":"Report site compatibility issues on webcompat.com.","creator":null,"homepageURL":null},"visible":true,"active":false,"userDisabled":false,"appDisabled":false,"installDate":1529923599000,"updateDate":1529923599000,"applyBackgroundUpdates":1,"bootstrap":true,"path":"/usr/lib64/firefox/browser/features/webcompat-reporter@mozilla.org.xpi","skinnable":false,"size":12709,"sourceURI":null,"releaseNotesURI":null,"softDisabled":false,"foreignInstall":false,"strictCompatibility":false,"locales":[],"targetApplications":[{"id":"{ec8030f7-c20a-464f-9b0e-13a3a9e97384}","minVersion":"61.0","maxVersion":"61.*"}],"targetPlatforms":[],"seen":true,"dependencies":[],"hasEmbeddedWebExtension":false,"userPermissions":null,"icons":{},"iconURL":null,"icon64URL":null,"blocklistState":0,"blocklistURL":null,"startupData":null}
1530748110369	addons.manager	DEBUG	Registering startup change 'installed' for webcompat@mozilla.org
1530748110369	addons.xpi	DEBUG	Loading bootstrap scope from /usr/lib64/firefox/browser/features/webcompat@mozilla.org.xpi
1530748110373	addons.xpi	DEBUG	Calling bootstrap method install on webcompat@mozilla.org version 2.0
1530748110373	addons.xpi-utils	DEBUG	Make addon app-system-defaults:webcompat@mozilla.org visible
1530748110374	addons.xpi	DEBUG	Updating XPIState for {"id":"webcompat@mozilla.org","syncGUID":"{ab1bc725-809e-454b-b0cf-4dad1fa76392}","location":"app-system-defaults","version":"2.0","type":"extension","updateURL":null,"optionsURL":null,"optionsType":null,"aboutURL":null,"defaultLocale":{"name":"Web Compat","description":"Urgent post-release fixes for web compatibility.","creator":null,"homepageURL":null},"visible":true,"active":false,"userDisabled":false,"appDisabled":false,"installDate":1529923599000,"updateDate":1529923599000,"applyBackgroundUpdates":1,"bootstrap":true,"path":"/usr/lib64/firefox/browser/features/webcompat@mozilla.org.xpi","skinnable":false,"size":13134,"sourceURI":null,"releaseNotesURI":null,"softDisabled":false,"foreignInstall":false,"strictCompatibility":false,"locales":[],"targetApplications":[{"id":"{ec8030f7-c20a-464f-9b0e-13a3a9e97384}","minVersion":"61.0","maxVersion":"61.*"},{"id":"{aa3c5121-dab2-40e2-81ca-7ea25febc110}","minVersion":"61.0","maxVersion":"61.*"}],"targetPlatforms":[],"seen":true,"dependencies":[],"hasEmbeddedWebExtension":true,"userPermissions":null,"icons":{},"iconURL":null,"icon64URL":null,"blocklistState":0,"blocklistURL":null,"startupData":null}
1530748110375	addons.xpi	DEBUG	Updating XPIState for {"id":"activity-stream@mozilla.org","syncGUID":"{481e8e7b-3541-4eea-b036-a890d0c5324d}","location":"app-system-defaults","version":"2018.05.30.0900-c6d48b86","type":"extension","updateURL":null,"optionsURL":null,"optionsType":null,"aboutURL":null,"defaultLocale":{"name":"Activity Stream","description":"A rich visual history feed and a reimagined home page make it easier than ever to find exactly what you're looking for in Firefox.","creator":null,"homepageURL":null},"visible":true,"active":true,"userDisabled":false,"appDisabled":false,"installDate":1529923599000,"updateDate":1529923599000,"applyBackgroundUpdates":1,"bootstrap":true,"path":"/usr/lib64/firefox/browser/features/activity-stream@mozilla.org.xpi","skinnable":false,"size":2732339,"sourceURI":null,"releaseNotesURI":null,"softDisabled":false,"foreignInstall":false,"strictCompatibility":false,"locales":[],"targetApplications":[{"id":"{ec8030f7-c20a-464f-9b0e-13a3a9e97384}","minVersion":"61.0","maxVersion":"61.*"}],"targetPlatforms":[],"seen":true,"dependencies":[],"hasEmbeddedWebExtension":false,"userPermissions":null,"icons":{},"iconURL":null,"icon64URL":null,"blocklistState":0,"blocklistURL":null,"startupData":null}
1530748110376	addons.xpi	DEBUG	Updating XPIState for {"id":"firefox@getpocket.com","syncGUID":"{0aef4f87-870a-4413-b0fc-e16a822bae8a}","location":"app-system-defaults","version":"1.0.5","type":"extension","updateURL":null,"optionsURL":null,"optionsType":null,"aboutURL":null,"defaultLocale":{"name":"Pocket","description":"When you find something you want to view later, put it in Pocket.","creator":null,"homepageURL":null},"visible":true,"active":true,"userDisabled":false,"appDisabled":false,"installDate":1529923599000,"updateDate":1529923599000,"applyBackgroundUpdates":1,"bootstrap":true,"path":"/usr/lib64/firefox/browser/features/firefox@getpocket.com.xpi","skinnable":false,"size":855818,"sourceURI":null,"releaseNotesURI":null,"softDisabled":false,"foreignInstall":false,"strictCompatibility":false,"locales":[],"targetApplications":[{"id":"{ec8030f7-c20a-464f-9b0e-13a3a9e97384}","minVersion":"61.0","maxVersion":"61.*"}],"targetPlatforms":[],"seen":true,"dependencies":[],"hasEmbeddedWebExtension":false,"userPermissions":null,"icons":{},"iconURL":null,"icon64URL":null,"blocklistState":0,"blocklistURL":null,"startupData":null}
1530748110377	addons.xpi	DEBUG	Updating XPIState for {"id":"followonsearch@mozilla.com","syncGUID":"{7942182b-dac1-4f94-8d26-a2bcde31dffa}","location":"app-system-defaults","version":"0.9.7","type":"extension","updateURL":null,"optionsURL":null,"optionsType":null,"aboutURL":null,"defaultLocale":{"name":"Follow-on Search Telemetry","description":null,"creator":null,"homepageURL":null},"visible":true,"active":true,"userDisabled":false,"appDisabled":false,"installDate":1529923599000,"updateDate":1529923599000,"applyBackgroundUpdates":1,"bootstrap":true,"path":"/usr/lib64/firefox/browser/features/followonsearch@mozilla.com.xpi","skinnable":false,"size":17903,"sourceURI":null,"releaseNotesURI":null,"softDisabled":false,"foreignInstall":false,"strictCompatibility":false,"locales":[],"targetApplications":[{"id":"{ec8030f7-c20a-464f-9b0e-13a3a9e97384}","minVersion":"52.0","maxVersion":"66.*"}],"targetPlatforms":[],"seen":true,"dependencies":[],"hasEmbeddedWebExtension":false,"userPermissions":null,"icons":{},"iconURL":null,"icon64URL":null,"blocklistState":0,"blocklistURL":null,"startupData":null}
1530748110377	addons.xpi	DEBUG	Updating XPIState for {"id":"formautofill@mozilla.org","syncGUID":"{13d7fef7-9aad-43cf-b069-c2cb5fc6fead}","location":"app-system-defaults","version":"1.0","type":"extension","updateURL":null,"optionsURL":null,"optionsType":null,"aboutURL":null,"defaultLocale":{"name":"Form Autofill","description":"Autofill forms with saved profiles","creator":null,"homepageURL":null},"visible":true,"active":true,"userDisabled":false,"appDisabled":false,"installDate":1529923599000,"updateDate":1529923599000,"applyBackgroundUpdates":1,"bootstrap":true,"path":"/usr/lib64/firefox/browser/features/formautofill@mozilla.org.xpi","skinnable":false,"size":465056,"sourceURI":null,"releaseNotesURI":null,"softDisabled":false,"foreignInstall":false,"strictCompatibility":false,"locales":[],"targetApplications":[{"id":"{ec8030f7-c20a-464f-9b0e-13a3a9e97384}","minVersion":"61.0","maxVersion":"61.*"}],"targetPlatforms":[],"seen":true,"dependencies":[],"hasEmbeddedWebExtension":false,"userPermissions":null,"icons":{},"iconURL":null,"icon64URL":null,"blocklistState":0,"blocklistURL":null,"startupData":null}
1530748110378	addons.xpi	DEBUG	Updating XPIState for {"id":"onboarding@mozilla.org","syncGUID":"{5a5f36eb-88b0-4b34-b904-5e327c911112}","location":"app-system-defaults","version":"1.0","type":"extension","updateURL":null,"optionsURL":null,"optionsType":null,"aboutURL":null,"defaultLocale":{"name":"Photon onboarding","description":"Photon onboarding","creator":null,"homepageURL":null},"visible":true,"active":true,"userDisabled":false,"appDisabled":false,"installDate":1529923599000,"updateDate":1529923599000,"applyBackgroundUpdates":1,"bootstrap":true,"path":"/usr/lib64/firefox/browser/features/onboarding@mozilla.org.xpi","skinnable":false,"size":564179,"sourceURI":null,"releaseNotesURI":null,"softDisabled":false,"foreignInstall":false,"strictCompatibility":false,"locales":[],"targetApplications":[{"id":"{ec8030f7-c20a-464f-9b0e-13a3a9e97384}","minVersion":"61.0","maxVersion":"61.*"}],"targetPlatforms":[],"seen":true,"dependencies":[],"hasEmbeddedWebExtension":false,"userPermissions":null,"icons":{},"iconURL":null,"icon64URL":null,"blocklistState":0,"blocklistURL":null,"startupData":null}
1530748110378	addons.xpi	DEBUG	Updating XPIState for {"id":"screenshots@mozilla.org","syncGUID":"{8d1a7ceb-67e1-44c2-bb2e-180e37763052}","location":"app-system-defaults","version":"32.1.0","type":"extension","updateURL":null,"optionsURL":null,"optionsType":null,"aboutURL":null,"defaultLocale":{"name":"Firefox Screenshots","description":null,"creator":null,"homepageURL":"https://screenshots.firefox.com/"},"visible":true,"active":true,"userDisabled":false,"appDisabled":false,"installDate":1529923599000,"updateDate":1529923599000,"applyBackgroundUpdates":1,"bootstrap":true,"path":"/usr/lib64/firefox/browser/features/screenshots@mozilla.org.xpi","skinnable":false,"size":1002421,"sourceURI":null,"releaseNotesURI":null,"softDisabled":false,"foreignInstall":false,"strictCompatibility":false,"locales":[],"targetApplications":[{"id":"{ec8030f7-c20a-464f-9b0e-13a3a9e97384}","minVersion":"57.0a1","maxVersion":"*"}],"targetPlatforms":[],"seen":true,"dependencies":[],"hasEmbeddedWebExtension":false,"userPermissions":null,"icons":{},"iconURL":null,"icon64URL":null,"blocklistState":0,"blocklistURL":null,"startupData":null}
1530748110379	addons.xpi	DEBUG	Updating XPIState for {"id":"webcompat-reporter@mozilla.org","syncGUID":"{e64045bd-930a-46aa-9174-08e34732428c}","location":"app-system-defaults","version":"1.0.0","type":"extension","updateURL":null,"optionsURL":null,"optionsType":null,"aboutURL":null,"defaultLocale":{"name":"WebCompat Reporter","description":"Report site compatibility issues on webcompat.com.","creator":null,"homepageURL":null},"visible":true,"active":true,"userDisabled":false,"appDisabled":false,"installDate":1529923599000,"updateDate":1529923599000,"applyBackgroundUpdates":1,"bootstrap":true,"path":"/usr/lib64/firefox/browser/features/webcompat-reporter@mozilla.org.xpi","skinnable":false,"size":12709,"sourceURI":null,"releaseNotesURI":null,"softDisabled":false,"foreignInstall":false,"strictCompatibility":false,"locales":[],"targetApplications":[{"id":"{ec8030f7-c20a-464f-9b0e-13a3a9e97384}","minVersion":"61.0","maxVersion":"61.*"}],"targetPlatforms":[],"seen":true,"dependencies":[],"hasEmbeddedWebExtension":false,"userPermissions":null,"icons":{},"iconURL":null,"icon64URL":null,"blocklistState":0,"blocklistURL":null,"startupData":null}
1530748110379	addons.xpi	DEBUG	Updating XPIState for {"id":"webcompat@mozilla.org","syncGUID":"{ab1bc725-809e-454b-b0cf-4dad1fa76392}","location":"app-system-defaults","version":"2.0","type":"extension","updateURL":null,"optionsURL":null,"optionsType":null,"aboutURL":null,"defaultLocale":{"name":"Web Compat","description":"Urgent post-release fixes for web compatibility.","creator":null,"homepageURL":null},"visible":true,"active":true,"userDisabled":false,"appDisabled":false,"installDate":1529923599000,"updateDate":1529923599000,"applyBackgroundUpdates":1,"bootstrap":true,"path":"/usr/lib64/firefox/browser/features/webcompat@mozilla.org.xpi","skinnable":false,"size":13134,"sourceURI":null,"releaseNotesURI":null,"softDisabled":false,"foreignInstall":false,"strictCompatibility":false,"locales":[],"targetApplications":[{"id":"{ec8030f7-c20a-464f-9b0e-13a3a9e97384}","minVersion":"61.0","maxVersion":"61.*"},{"id":"{aa3c5121-dab2-40e2-81ca-7ea25febc110}","minVersion":"61.0","maxVersion":"61.*"}],"targetPlatforms":[],"seen":true,"dependencies":[],"hasEmbeddedWebExtension":true,"userPermissions":null,"icons":{},"iconURL":null,"icon64URL":null,"blocklistState":0,"blocklistURL":null,"startupData":null}
1530748110379	addons.xpi	DEBUG	Updating database with changes to installed add-ons
1530748110380	addons.xpi-utils	DEBUG	Updating add-on states
1530748110383	addons.xpi	DEBUG	Registering manifest for /usr/lib64/firefox/browser/features/activity-stream@mozilla.org.xpi
1530748110384	addons.xpi	DEBUG	Calling bootstrap method startup on activity-stream@mozilla.org version 2018.05.30.0900-c6d48b86
1530748110385	addons.xpi	DEBUG	Registering manifest for /usr/lib64/firefox/browser/features/firefox@getpocket.com.xpi
1530748110386	addons.xpi	DEBUG	Calling bootstrap method startup on firefox@getpocket.com version 1.0.5
1530748110392	addons.xpi	DEBUG	Registering manifest for /usr/lib64/firefox/browser/features/followonsearch@mozilla.com.xpi
1530748110393	addons.xpi	DEBUG	Calling bootstrap method startup on followonsearch@mozilla.com version 0.9.7
1530748110393	addons.xpi	DEBUG	Registering manifest for /usr/lib64/firefox/browser/features/formautofill@mozilla.org.xpi
1530748110394	addons.xpi	DEBUG	Calling bootstrap method startup on formautofill@mozilla.org version 1.0
1530748110395	addons.xpi	DEBUG	Registering manifest for /usr/lib64/firefox/browser/features/onboarding@mozilla.org.xpi
1530748110396	addons.xpi	DEBUG	Calling bootstrap method startup on onboarding@mozilla.org version 1.0
1530748110396	addons.xpi	DEBUG	Registering manifest for /usr/lib64/firefox/browser/features/screenshots@mozilla.org.xpi
1530748110397	addons.xpi	DEBUG	Calling bootstrap method startup on screenshots@mozilla.org version 32.1.0
1530748110397	addons.xpi	DEBUG	Registering manifest for /usr/lib64/firefox/browser/features/webcompat-reporter@mozilla.org.xpi
1530748110398	addons.xpi	DEBUG	Calling bootstrap method startup on webcompat-reporter@mozilla.org version 1.0.0
1530748110398	addons.xpi	DEBUG	Registering manifest for /usr/lib64/firefox/browser/features/webcompat@mozilla.org.xpi
1530748110400	addons.xpi	DEBUG	Calling bootstrap method startup on webcompat@mozilla.org version 2.0
1530748110403	addons.manager	DEBUG	Registering shutdown blocker for XPIProvider
1530748110403	addons.manager	DEBUG	Provider finished startup: XPIProvider
1530748110404	addons.manager	DEBUG	Starting provider: LightweightThemeManager
1530748110404	addons.manager	DEBUG	Registering shutdown blocker for LightweightThemeManager
1530748110405	addons.manager	DEBUG	Provider finished startup: LightweightThemeManager
1530748110406	addons.manager	DEBUG	Starting provider: GMPProvider
1530748110407	addons.manager	DEBUG	Registering shutdown blocker for GMPProvider
1530748110408	addons.manager	DEBUG	Provider finished startup: GMPProvider
1530748110408	addons.manager	DEBUG	Starting provider: PluginProvider
1530748110409	addons.manager	DEBUG	Registering shutdown blocker for PluginProvider
1530748110409	addons.manager	DEBUG	Provider finished startup: PluginProvider
1530748110411	addons.manager	DEBUG	Completed startup sequence
1530748110573	addons.xpi-utils	DEBUG	XPI Database saved, setting schema version preference to 26
1530748111296	addons.xpi	DEBUG	Existing add-on activity-stream@mozilla.org in app-system-defaults
1530748111297	addons.xpi	WARN	Can't get modified time of /usr/lib64/firefox/browser/features/aushelper@mozilla.org.xpi
1530748111297	addons.xpi	DEBUG	Existing add-on aushelper@mozilla.org in app-system-defaults
1530748111298	addons.xpi	DEBUG	Existing add-on firefox@getpocket.com in app-system-defaults
1530748111298	addons.xpi	DEBUG	Existing add-on followonsearch@mozilla.com in app-system-defaults
1530748111299	addons.xpi	DEBUG	Existing add-on formautofill@mozilla.org in app-system-defaults
1530748111300	addons.xpi	DEBUG	Existing add-on onboarding@mozilla.org in app-system-defaults
1530748111300	addons.xpi	DEBUG	Existing add-on screenshots@mozilla.org in app-system-defaults
1530748111304	addons.xpi	DEBUG	Existing add-on webcompat-reporter@mozilla.org in app-system-defaults
1530748111305	addons.xpi	DEBUG	Existing add-on webcompat@mozilla.org in app-system-defaults
1530748111305	addons.xpi	DEBUG	getInstallState changed: false, state: {}
1530748111728	Marionette	INFO	Listening on port 45865
1530748111799	Marionette	WARN	TLS certificate errors will be ignored for this session
JavaScript warning: https://static.clicktripz.com/scripts/js/jquery-1.9.1.min.js?v=5.47, line 1: Using //@ to indicate sourceMappingURL pragmas is deprecated. Use //# instead
Gdk-Message: 23:48:34.466: firefox: Fatal IO error 11 (Resource temporarily unavailable) on X server :99.

